

 NAS Parallel Benchmarks 3.4 -- BT Benchmark

 No input file inputbt.data. Using compiled defaults
 Size:  408x 408x 408  (class D)
 Iterations:  250    dt:   0.0000200
 Total number of processes:   121

 Time step    1
 Time step   20
 Time step   40
 Time step   60
 Time step   80
 Time step  100
 Time step  120
 Time step  140
 Time step  160
 Time step  180
 Time step  200
 Time step  220
 Time step  240
 Time step  250
 Verification being performed for class D
 accuracy setting for epsilon =  0.1000000000000E-07
 Comparison of RMS-norms of residual
           1 0.2533188551738E+05 0.2533188551738E+05 0.1493571395141E-12
           2 0.2346393716980E+04 0.2346393716980E+04 0.8546885387975E-13
           3 0.6294554366904E+04 0.6294554366904E+04 0.3467739186958E-14
           4 0.5352565376030E+04 0.5352565376030E+04 0.8274983837599E-13
           5 0.3905864038618E+05 0.3905864038618E+05 0.6724813441406E-13
 Comparison of RMS-norms of solution error
           1 0.3100009377557E+03 0.3100009377557E+03 0.1366071578941E-12
           2 0.2424086324913E+02 0.2424086324913E+02 0.1598957340643E-12
           3 0.7782212022645E+02 0.7782212022645E+02 0.4072133465740E-13
           4 0.6835623860116E+02 0.6835623860116E+02 0.3596566920650E-13
           5 0.6065737200368E+03 0.6065737200368E+03 0.2605201960010E-13
 Verification Successful


 BT Benchmark Completed.
 Class           =                        D
 Size            =            408x 408x 408
 Iterations      =                      250
 Time in seconds =                   693.84
 Total processes =                      121
 Active procs    =                      121
 Mop/s total     =                 84076.64
 Mop/s/process   =                   694.85
 Operation type  =           floating point
 Verification    =               SUCCESSFUL
 Version         =                      3.4
 Compile date    =              02 Nov 2019

 Compile options:
    MPIFC        = mpifort
    FLINK        = $(MPIFC)
    FMPI_LIB     = (none)
    FMPI_INC     = (none)
    FFLAGS       = -O3
    FLINKFLAGS   = $(FFLAGS)
    RAND         = (none)


 Please send feedbacks and/or the results of this run to:

 NPB Development Team 
 Internet: npb@nas.nasa.gov




 NAS Parallel Benchmarks 3.4 -- BT Benchmark

 No input file inputbt.data. Using compiled defaults
 Size:  408x 408x 408  (class D)
 Iterations:  250    dt:   0.0000200
 Total number of processes:   121

 Time step    1
 Time step   20
 Time step   40
 Time step   60
 Time step   80
 Time step  100
 Time step  120
 Time step  140
 Time step  160
 Time step  180
 Time step  200
 Time step  220
 Time step  240
 Time step  250
 Verification being performed for class D
 accuracy setting for epsilon =  0.1000000000000E-07
 Comparison of RMS-norms of residual
           1 0.2533188551738E+05 0.2533188551738E+05 0.1493571395141E-12
           2 0.2346393716980E+04 0.2346393716980E+04 0.8546885387975E-13
           3 0.6294554366904E+04 0.6294554366904E+04 0.3467739186958E-14
           4 0.5352565376030E+04 0.5352565376030E+04 0.8274983837599E-13
           5 0.3905864038618E+05 0.3905864038618E+05 0.6724813441406E-13
 Comparison of RMS-norms of solution error
           1 0.3100009377557E+03 0.3100009377557E+03 0.1366071578941E-12
           2 0.2424086324913E+02 0.2424086324913E+02 0.1598957340643E-12
           3 0.7782212022645E+02 0.7782212022645E+02 0.4072133465740E-13
           4 0.6835623860116E+02 0.6835623860116E+02 0.3596566920650E-13
           5 0.6065737200368E+03 0.6065737200368E+03 0.2605201960010E-13
 Verification Successful


 BT Benchmark Completed.
 Class           =                        D
 Size            =            408x 408x 408
 Iterations      =                      250
 Time in seconds =                   697.09
 Total processes =                      121
 Active procs    =                      121
 Mop/s total     =                 83685.16
 Mop/s/process   =                   691.61
 Operation type  =           floating point
 Verification    =               SUCCESSFUL
 Version         =                      3.4
 Compile date    =              02 Nov 2019

 Compile options:
    MPIFC        = mpifort
    FLINK        = $(MPIFC)
    FMPI_LIB     = (none)
    FMPI_INC     = (none)
    FFLAGS       = -O3
    FLINKFLAGS   = $(FFLAGS)
    RAND         = (none)


 Please send feedbacks and/or the results of this run to:

 NPB Development Team 
 Internet: npb@nas.nasa.gov




 NAS Parallel Benchmarks 3.4 -- BT Benchmark

 No input file inputbt.data. Using compiled defaults
 Size:  408x 408x 408  (class D)
 Iterations:  250    dt:   0.0000200
 Total number of processes:   121

 Time step    1
 Time step   20
 Time step   40
 Time step   60
 Time step   80
 Time step  100
 Time step  120
 Time step  140
 Time step  160
 Time step  180
 Time step  200
 Time step  220
 Time step  240
 Time step  250
 Verification being performed for class D
 accuracy setting for epsilon =  0.1000000000000E-07
 Comparison of RMS-norms of residual
           1 0.2533188551738E+05 0.2533188551738E+05 0.1493571395141E-12
           2 0.2346393716980E+04 0.2346393716980E+04 0.8546885387975E-13
           3 0.6294554366904E+04 0.6294554366904E+04 0.3467739186958E-14
           4 0.5352565376030E+04 0.5352565376030E+04 0.8274983837599E-13
           5 0.3905864038618E+05 0.3905864038618E+05 0.6724813441406E-13
 Comparison of RMS-norms of solution error
           1 0.3100009377557E+03 0.3100009377557E+03 0.1366071578941E-12
           2 0.2424086324913E+02 0.2424086324913E+02 0.1598957340643E-12
           3 0.7782212022645E+02 0.7782212022645E+02 0.4072133465740E-13
           4 0.6835623860116E+02 0.6835623860116E+02 0.3596566920650E-13
           5 0.6065737200368E+03 0.6065737200368E+03 0.2605201960010E-13
 Verification Successful


 BT Benchmark Completed.
 Class           =                        D
 Size            =            408x 408x 408
 Iterations      =                      250
 Time in seconds =                   693.54
 Total processes =                      121
 Active procs    =                      121
 Mop/s total     =                 84113.36
 Mop/s/process   =                   695.15
 Operation type  =           floating point
 Verification    =               SUCCESSFUL
 Version         =                      3.4
 Compile date    =              02 Nov 2019

 Compile options:
    MPIFC        = mpifort
    FLINK        = $(MPIFC)
    FMPI_LIB     = (none)
    FMPI_INC     = (none)
    FFLAGS       = -O3
    FLINKFLAGS   = $(FFLAGS)
    RAND         = (none)


 Please send feedbacks and/or the results of this run to:

 NPB Development Team 
 Internet: npb@nas.nasa.gov




 NAS Parallel Benchmarks 3.4 -- BT Benchmark

 No input file inputbt.data. Using compiled defaults
 Size:  408x 408x 408  (class D)
 Iterations:  250    dt:   0.0000200
 Total number of processes:   121

 Time step    1
 Time step   20
 Time step   40
 Time step   60
 Time step   80
 Time step  100
 Time step  120
 Time step  140
 Time step  160
 Time step  180
 Time step  200
 Time step  220
 Time step  240
 Time step  250
 Verification being performed for class D
 accuracy setting for epsilon =  0.1000000000000E-07
 Comparison of RMS-norms of residual
           1 0.2533188551738E+05 0.2533188551738E+05 0.1493571395141E-12
           2 0.2346393716980E+04 0.2346393716980E+04 0.8546885387975E-13
           3 0.6294554366904E+04 0.6294554366904E+04 0.3467739186958E-14
           4 0.5352565376030E+04 0.5352565376030E+04 0.8274983837599E-13
           5 0.3905864038618E+05 0.3905864038618E+05 0.6724813441406E-13
 Comparison of RMS-norms of solution error
           1 0.3100009377557E+03 0.3100009377557E+03 0.1366071578941E-12
           2 0.2424086324913E+02 0.2424086324913E+02 0.1598957340643E-12
           3 0.7782212022645E+02 0.7782212022645E+02 0.4072133465740E-13
           4 0.6835623860116E+02 0.6835623860116E+02 0.3596566920650E-13
           5 0.6065737200368E+03 0.6065737200368E+03 0.2605201960010E-13
 Verification Successful


 BT Benchmark Completed.
 Class           =                        D
 Size            =            408x 408x 408
 Iterations      =                      250
 Time in seconds =                   697.22
 Total processes =                      121
 Active procs    =                      121
 Mop/s total     =                 83669.68
 Mop/s/process   =                   691.48
 Operation type  =           floating point
 Verification    =               SUCCESSFUL
 Version         =                      3.4
 Compile date    =              02 Nov 2019

 Compile options:
    MPIFC        = mpifort
    FLINK        = $(MPIFC)
    FMPI_LIB     = (none)
    FMPI_INC     = (none)
    FFLAGS       = -O3
    FLINKFLAGS   = $(FFLAGS)
    RAND         = (none)


 Please send feedbacks and/or the results of this run to:

 NPB Development Team 
 Internet: npb@nas.nasa.gov




 NAS Parallel Benchmarks 3.4 -- BT Benchmark

 No input file inputbt.data. Using compiled defaults
 Size:  408x 408x 408  (class D)
 Iterations:  250    dt:   0.0000200
 Total number of processes:   121

 Time step    1
 Time step   20
 Time step   40
 Time step   60
 Time step   80
 Time step  100
 Time step  120
 Time step  140
 Time step  160
 Time step  180
 Time step  200
 Time step  220
 Time step  240
 Time step  250
 Verification being performed for class D
 accuracy setting for epsilon =  0.1000000000000E-07
 Comparison of RMS-norms of residual
           1 0.2533188551738E+05 0.2533188551738E+05 0.1493571395141E-12
           2 0.2346393716980E+04 0.2346393716980E+04 0.8546885387975E-13
           3 0.6294554366904E+04 0.6294554366904E+04 0.3467739186958E-14
           4 0.5352565376030E+04 0.5352565376030E+04 0.8274983837599E-13
           5 0.3905864038618E+05 0.3905864038618E+05 0.6724813441406E-13
 Comparison of RMS-norms of solution error
           1 0.3100009377557E+03 0.3100009377557E+03 0.1366071578941E-12
           2 0.2424086324913E+02 0.2424086324913E+02 0.1598957340643E-12
           3 0.7782212022645E+02 0.7782212022645E+02 0.4072133465740E-13
           4 0.6835623860116E+02 0.6835623860116E+02 0.3596566920650E-13
           5 0.6065737200368E+03 0.6065737200368E+03 0.2605201960010E-13
 Verification Successful


 BT Benchmark Completed.
 Class           =                        D
 Size            =            408x 408x 408
 Iterations      =                      250
 Time in seconds =                   688.19
 Total processes =                      121
 Active procs    =                      121
 Mop/s total     =                 84766.88
 Mop/s/process   =                   700.55
 Operation type  =           floating point
 Verification    =               SUCCESSFUL
 Version         =                      3.4
 Compile date    =              02 Nov 2019

 Compile options:
    MPIFC        = mpifort
    FLINK        = $(MPIFC)
    FMPI_LIB     = (none)
    FMPI_INC     = (none)
    FFLAGS       = -O3
    FLINKFLAGS   = $(FFLAGS)
    RAND         = (none)


 Please send feedbacks and/or the results of this run to:

 NPB Development Team 
 Internet: npb@nas.nasa.gov




 NAS Parallel Benchmarks 3.4 -- BT Benchmark

 No input file inputbt.data. Using compiled defaults
 Size:  408x 408x 408  (class D)
 Iterations:  250    dt:   0.0000200
 Total number of processes:   121

 Time step    1
 Time step   20
 Time step   40
 Time step   60
 Time step   80
 Time step  100
 Time step  120
 Time step  140
 Time step  160
 Time step  180
 Time step  200
 Time step  220
 Time step  240
 Time step  250
 Verification being performed for class D
 accuracy setting for epsilon =  0.1000000000000E-07
 Comparison of RMS-norms of residual
           1 0.2533188551738E+05 0.2533188551738E+05 0.1493571395141E-12
           2 0.2346393716980E+04 0.2346393716980E+04 0.8546885387975E-13
           3 0.6294554366904E+04 0.6294554366904E+04 0.3467739186958E-14
           4 0.5352565376030E+04 0.5352565376030E+04 0.8274983837599E-13
           5 0.3905864038618E+05 0.3905864038618E+05 0.6724813441406E-13
 Comparison of RMS-norms of solution error
           1 0.3100009377557E+03 0.3100009377557E+03 0.1366071578941E-12
           2 0.2424086324913E+02 0.2424086324913E+02 0.1598957340643E-12
           3 0.7782212022645E+02 0.7782212022645E+02 0.4072133465740E-13
           4 0.6835623860116E+02 0.6835623860116E+02 0.3596566920650E-13
           5 0.6065737200368E+03 0.6065737200368E+03 0.2605201960010E-13
 Verification Successful


 BT Benchmark Completed.
 Class           =                        D
 Size            =            408x 408x 408
 Iterations      =                      250
 Time in seconds =                   694.34
 Total processes =                      121
 Active procs    =                      121
 Mop/s total     =                 84015.83
 Mop/s/process   =                   694.35
 Operation type  =           floating point
 Verification    =               SUCCESSFUL
 Version         =                      3.4
 Compile date    =              02 Nov 2019

 Compile options:
    MPIFC        = mpifort
    FLINK        = $(MPIFC)
    FMPI_LIB     = (none)
    FMPI_INC     = (none)
    FFLAGS       = -O3
    FLINKFLAGS   = $(FFLAGS)
    RAND         = (none)


 Please send feedbacks and/or the results of this run to:

 NPB Development Team 
 Internet: npb@nas.nasa.gov




 NAS Parallel Benchmarks 3.4 -- BT Benchmark

 No input file inputbt.data. Using compiled defaults
 Size:  408x 408x 408  (class D)
 Iterations:  250    dt:   0.0000200
 Total number of processes:   121

 Time step    1
 Time step   20
 Time step   40
 Time step   60
 Time step   80
 Time step  100
 Time step  120
 Time step  140
 Time step  160
 Time step  180
 Time step  200
 Time step  220
 Time step  240
 Time step  250
 Verification being performed for class D
 accuracy setting for epsilon =  0.1000000000000E-07
 Comparison of RMS-norms of residual
           1 0.2533188551738E+05 0.2533188551738E+05 0.1493571395141E-12
           2 0.2346393716980E+04 0.2346393716980E+04 0.8546885387975E-13
           3 0.6294554366904E+04 0.6294554366904E+04 0.3467739186958E-14
           4 0.5352565376030E+04 0.5352565376030E+04 0.8274983837599E-13
           5 0.3905864038618E+05 0.3905864038618E+05 0.6724813441406E-13
 Comparison of RMS-norms of solution error
           1 0.3100009377557E+03 0.3100009377557E+03 0.1366071578941E-12
           2 0.2424086324913E+02 0.2424086324913E+02 0.1598957340643E-12
           3 0.7782212022645E+02 0.7782212022645E+02 0.4072133465740E-13
           4 0.6835623860116E+02 0.6835623860116E+02 0.3596566920650E-13
           5 0.6065737200368E+03 0.6065737200368E+03 0.2605201960010E-13
 Verification Successful


 BT Benchmark Completed.
 Class           =                        D
 Size            =            408x 408x 408
 Iterations      =                      250
 Time in seconds =                   678.36
 Total processes =                      121
 Active procs    =                      121
 Mop/s total     =                 85995.51
 Mop/s/process   =                   710.71
 Operation type  =           floating point
 Verification    =               SUCCESSFUL
 Version         =                      3.4
 Compile date    =              02 Nov 2019

 Compile options:
    MPIFC        = mpifort
    FLINK        = $(MPIFC)
    FMPI_LIB     = (none)
    FMPI_INC     = (none)
    FFLAGS       = -O3
    FLINKFLAGS   = $(FFLAGS)
    RAND         = (none)


 Please send feedbacks and/or the results of this run to:

 NPB Development Team 
 Internet: npb@nas.nasa.gov




 NAS Parallel Benchmarks 3.4 -- BT Benchmark

 No input file inputbt.data. Using compiled defaults
 Size:  408x 408x 408  (class D)
 Iterations:  250    dt:   0.0000200
 Total number of processes:   121

 Time step    1
 Time step   20
 Time step   40
 Time step   60
 Time step   80
 Time step  100
 Time step  120
 Time step  140
 Time step  160
 Time step  180
 Time step  200
 Time step  220
 Time step  240
 Time step  250
 Verification being performed for class D
 accuracy setting for epsilon =  0.1000000000000E-07
 Comparison of RMS-norms of residual
           1 0.2533188551738E+05 0.2533188551738E+05 0.1493571395141E-12
           2 0.2346393716980E+04 0.2346393716980E+04 0.8546885387975E-13
           3 0.6294554366904E+04 0.6294554366904E+04 0.3467739186958E-14
           4 0.5352565376030E+04 0.5352565376030E+04 0.8274983837599E-13
           5 0.3905864038618E+05 0.3905864038618E+05 0.6724813441406E-13
 Comparison of RMS-norms of solution error
           1 0.3100009377557E+03 0.3100009377557E+03 0.1366071578941E-12
           2 0.2424086324913E+02 0.2424086324913E+02 0.1598957340643E-12
           3 0.7782212022645E+02 0.7782212022645E+02 0.4072133465740E-13
           4 0.6835623860116E+02 0.6835623860116E+02 0.3596566920650E-13
           5 0.6065737200368E+03 0.6065737200368E+03 0.2605201960010E-13
 Verification Successful


 BT Benchmark Completed.
 Class           =                        D
 Size            =            408x 408x 408
 Iterations      =                      250
 Time in seconds =                   691.44
 Total processes =                      121
 Active procs    =                      121
 Mop/s total     =                 84368.60
 Mop/s/process   =                   697.26
 Operation type  =           floating point
 Verification    =               SUCCESSFUL
 Version         =                      3.4
 Compile date    =              02 Nov 2019

 Compile options:
    MPIFC        = mpifort
    FLINK        = $(MPIFC)
    FMPI_LIB     = (none)
    FMPI_INC     = (none)
    FFLAGS       = -O3
    FLINKFLAGS   = $(FFLAGS)
    RAND         = (none)


 Please send feedbacks and/or the results of this run to:

 NPB Development Team 
 Internet: npb@nas.nasa.gov




 NAS Parallel Benchmarks 3.4 -- BT Benchmark

 No input file inputbt.data. Using compiled defaults
 Size:  408x 408x 408  (class D)
 Iterations:  250    dt:   0.0000200
 Total number of processes:   121

 Time step    1
 Time step   20
 Time step   40
 Time step   60
 Time step   80
 Time step  100
 Time step  120
 Time step  140
 Time step  160
 Time step  180
 Time step  200
 Time step  220
 Time step  240
 Time step  250
 Verification being performed for class D
 accuracy setting for epsilon =  0.1000000000000E-07
 Comparison of RMS-norms of residual
           1 0.2533188551738E+05 0.2533188551738E+05 0.1493571395141E-12
           2 0.2346393716980E+04 0.2346393716980E+04 0.8546885387975E-13
           3 0.6294554366904E+04 0.6294554366904E+04 0.3467739186958E-14
           4 0.5352565376030E+04 0.5352565376030E+04 0.8274983837599E-13
           5 0.3905864038618E+05 0.3905864038618E+05 0.6724813441406E-13
 Comparison of RMS-norms of solution error
           1 0.3100009377557E+03 0.3100009377557E+03 0.1366071578941E-12
           2 0.2424086324913E+02 0.2424086324913E+02 0.1598957340643E-12
           3 0.7782212022645E+02 0.7782212022645E+02 0.4072133465740E-13
           4 0.6835623860116E+02 0.6835623860116E+02 0.3596566920650E-13
           5 0.6065737200368E+03 0.6065737200368E+03 0.2605201960010E-13
 Verification Successful


 BT Benchmark Completed.
 Class           =                        D
 Size            =            408x 408x 408
 Iterations      =                      250
 Time in seconds =                   682.71
 Total processes =                      121
 Active procs    =                      121
 Mop/s total     =                 85447.04
 Mop/s/process   =                   706.17
 Operation type  =           floating point
 Verification    =               SUCCESSFUL
 Version         =                      3.4
 Compile date    =              02 Nov 2019

 Compile options:
    MPIFC        = mpifort
    FLINK        = $(MPIFC)
    FMPI_LIB     = (none)
    FMPI_INC     = (none)
    FFLAGS       = -O3
    FLINKFLAGS   = $(FFLAGS)
    RAND         = (none)


 Please send feedbacks and/or the results of this run to:

 NPB Development Team 
 Internet: npb@nas.nasa.gov




 NAS Parallel Benchmarks 3.4 -- BT Benchmark

 No input file inputbt.data. Using compiled defaults
 Size:  408x 408x 408  (class D)
 Iterations:  250    dt:   0.0000200
 Total number of processes:   121

 Time step    1
 Time step   20
 Time step   40
 Time step   60
 Time step   80
 Time step  100
 Time step  120
 Time step  140
 Time step  160
 Time step  180
 Time step  200
 Time step  220
 Time step  240
 Time step  250
 Verification being performed for class D
 accuracy setting for epsilon =  0.1000000000000E-07
 Comparison of RMS-norms of residual
           1 0.2533188551738E+05 0.2533188551738E+05 0.1493571395141E-12
           2 0.2346393716980E+04 0.2346393716980E+04 0.8546885387975E-13
           3 0.6294554366904E+04 0.6294554366904E+04 0.3467739186958E-14
           4 0.5352565376030E+04 0.5352565376030E+04 0.8274983837599E-13
           5 0.3905864038618E+05 0.3905864038618E+05 0.6724813441406E-13
 Comparison of RMS-norms of solution error
           1 0.3100009377557E+03 0.3100009377557E+03 0.1366071578941E-12
           2 0.2424086324913E+02 0.2424086324913E+02 0.1598957340643E-12
           3 0.7782212022645E+02 0.7782212022645E+02 0.4072133465740E-13
           4 0.6835623860116E+02 0.6835623860116E+02 0.3596566920650E-13
           5 0.6065737200368E+03 0.6065737200368E+03 0.2605201960010E-13
 Verification Successful


 BT Benchmark Completed.
 Class           =                        D
 Size            =            408x 408x 408
 Iterations      =                      250
 Time in seconds =                   698.23
 Total processes =                      121
 Active procs    =                      121
 Mop/s total     =                 83547.98
 Mop/s/process   =                   690.48
 Operation type  =           floating point
 Verification    =               SUCCESSFUL
 Version         =                      3.4
 Compile date    =              02 Nov 2019

 Compile options:
    MPIFC        = mpifort
    FLINK        = $(MPIFC)
    FMPI_LIB     = (none)
    FMPI_INC     = (none)
    FFLAGS       = -O3
    FLINKFLAGS   = $(FFLAGS)
    RAND         = (none)


 Please send feedbacks and/or the results of this run to:

 NPB Development Team 
 Internet: npb@nas.nasa.gov




 NAS Parallel Benchmarks 3.4 -- BT Benchmark

 No input file inputbt.data. Using compiled defaults
 Size:  408x 408x 408  (class D)
 Iterations:  250    dt:   0.0000200
 Total number of processes:   121

 Time step    1
 Time step   20
 Time step   40
 Time step   60
 Time step   80
 Time step  100
 Time step  120
 Time step  140
 Time step  160
 Time step  180
 Time step  200
 Time step  220
 Time step  240
 Time step  250
 Verification being performed for class D
 accuracy setting for epsilon =  0.1000000000000E-07
 Comparison of RMS-norms of residual
           1 0.2533188551738E+05 0.2533188551738E+05 0.1493571395141E-12
           2 0.2346393716980E+04 0.2346393716980E+04 0.8546885387975E-13
           3 0.6294554366904E+04 0.6294554366904E+04 0.3467739186958E-14
           4 0.5352565376030E+04 0.5352565376030E+04 0.8274983837599E-13
           5 0.3905864038618E+05 0.3905864038618E+05 0.6724813441406E-13
 Comparison of RMS-norms of solution error
           1 0.3100009377557E+03 0.3100009377557E+03 0.1366071578941E-12
           2 0.2424086324913E+02 0.2424086324913E+02 0.1598957340643E-12
           3 0.7782212022645E+02 0.7782212022645E+02 0.4072133465740E-13
           4 0.6835623860116E+02 0.6835623860116E+02 0.3596566920650E-13
           5 0.6065737200368E+03 0.6065737200368E+03 0.2605201960010E-13
 Verification Successful


 BT Benchmark Completed.
 Class           =                        D
 Size            =            408x 408x 408
 Iterations      =                      250
 Time in seconds =                   691.54
 Total processes =                      121
 Active procs    =                      121
 Mop/s total     =                 84355.93
 Mop/s/process   =                   697.16
 Operation type  =           floating point
 Verification    =               SUCCESSFUL
 Version         =                      3.4
 Compile date    =              02 Nov 2019

 Compile options:
    MPIFC        = mpifort
    FLINK        = $(MPIFC)
    FMPI_LIB     = (none)
    FMPI_INC     = (none)
    FFLAGS       = -O3
    FLINKFLAGS   = $(FFLAGS)
    RAND         = (none)


 Please send feedbacks and/or the results of this run to:

 NPB Development Team 
 Internet: npb@nas.nasa.gov




 NAS Parallel Benchmarks 3.4 -- BT Benchmark

 No input file inputbt.data. Using compiled defaults
 Size:  408x 408x 408  (class D)
 Iterations:  250    dt:   0.0000200
 Total number of processes:   121

 Time step    1
 Time step   20
 Time step   40
 Time step   60
 Time step   80
 Time step  100
 Time step  120
 Time step  140
 Time step  160
 Time step  180
 Time step  200
 Time step  220
 Time step  240
 Time step  250
 Verification being performed for class D
 accuracy setting for epsilon =  0.1000000000000E-07
 Comparison of RMS-norms of residual
           1 0.2533188551738E+05 0.2533188551738E+05 0.1493571395141E-12
           2 0.2346393716980E+04 0.2346393716980E+04 0.8546885387975E-13
           3 0.6294554366904E+04 0.6294554366904E+04 0.3467739186958E-14
           4 0.5352565376030E+04 0.5352565376030E+04 0.8274983837599E-13
           5 0.3905864038618E+05 0.3905864038618E+05 0.6724813441406E-13
 Comparison of RMS-norms of solution error
           1 0.3100009377557E+03 0.3100009377557E+03 0.1366071578941E-12
           2 0.2424086324913E+02 0.2424086324913E+02 0.1598957340643E-12
           3 0.7782212022645E+02 0.7782212022645E+02 0.4072133465740E-13
           4 0.6835623860116E+02 0.6835623860116E+02 0.3596566920650E-13
           5 0.6065737200368E+03 0.6065737200368E+03 0.2605201960010E-13
 Verification Successful


 BT Benchmark Completed.
 Class           =                        D
 Size            =            408x 408x 408
 Iterations      =                      250
 Time in seconds =                   685.15
 Total processes =                      121
 Active procs    =                      121
 Mop/s total     =                 85142.70
 Mop/s/process   =                   703.66
 Operation type  =           floating point
 Verification    =               SUCCESSFUL
 Version         =                      3.4
 Compile date    =              02 Nov 2019

 Compile options:
    MPIFC        = mpifort
    FLINK        = $(MPIFC)
    FMPI_LIB     = (none)
    FMPI_INC     = (none)
    FFLAGS       = -O3
    FLINKFLAGS   = $(FFLAGS)
    RAND         = (none)


 Please send feedbacks and/or the results of this run to:

 NPB Development Team 
 Internet: npb@nas.nasa.gov




 NAS Parallel Benchmarks 3.4 -- BT Benchmark

 No input file inputbt.data. Using compiled defaults
 Size:  408x 408x 408  (class D)
 Iterations:  250    dt:   0.0000200
 Total number of processes:   121

 Time step    1
 Time step   20
 Time step   40
 Time step   60
 Time step   80
 Time step  100
 Time step  120
 Time step  140
 Time step  160
 Time step  180
 Time step  200
 Time step  220
 Time step  240
 Time step  250
 Verification being performed for class D
 accuracy setting for epsilon =  0.1000000000000E-07
 Comparison of RMS-norms of residual
           1 0.2533188551738E+05 0.2533188551738E+05 0.1493571395141E-12
           2 0.2346393716980E+04 0.2346393716980E+04 0.8546885387975E-13
           3 0.6294554366904E+04 0.6294554366904E+04 0.3467739186958E-14
           4 0.5352565376030E+04 0.5352565376030E+04 0.8274983837599E-13
           5 0.3905864038618E+05 0.3905864038618E+05 0.6724813441406E-13
 Comparison of RMS-norms of solution error
           1 0.3100009377557E+03 0.3100009377557E+03 0.1366071578941E-12
           2 0.2424086324913E+02 0.2424086324913E+02 0.1598957340643E-12
           3 0.7782212022645E+02 0.7782212022645E+02 0.4072133465740E-13
           4 0.6835623860116E+02 0.6835623860116E+02 0.3596566920650E-13
           5 0.6065737200368E+03 0.6065737200368E+03 0.2605201960010E-13
 Verification Successful


 BT Benchmark Completed.
 Class           =                        D
 Size            =            408x 408x 408
 Iterations      =                      250
 Time in seconds =                   706.26
 Total processes =                      121
 Active procs    =                      121
 Mop/s total     =                 82598.06
 Mop/s/process   =                   682.63
 Operation type  =           floating point
 Verification    =               SUCCESSFUL
 Version         =                      3.4
 Compile date    =              02 Nov 2019

 Compile options:
    MPIFC        = mpifort
    FLINK        = $(MPIFC)
    FMPI_LIB     = (none)
    FMPI_INC     = (none)
    FFLAGS       = -O3
    FLINKFLAGS   = $(FFLAGS)
    RAND         = (none)


 Please send feedbacks and/or the results of this run to:

 NPB Development Team 
 Internet: npb@nas.nasa.gov




 NAS Parallel Benchmarks 3.4 -- BT Benchmark

 No input file inputbt.data. Using compiled defaults
 Size:  408x 408x 408  (class D)
 Iterations:  250    dt:   0.0000200
 Total number of processes:   121

 Time step    1
 Time step   20
 Time step   40
 Time step   60
 Time step   80
 Time step  100
 Time step  120
 Time step  140
 Time step  160
 Time step  180
 Time step  200
 Time step  220
 Time step  240
 Time step  250
 Verification being performed for class D
 accuracy setting for epsilon =  0.1000000000000E-07
 Comparison of RMS-norms of residual
           1 0.2533188551738E+05 0.2533188551738E+05 0.1493571395141E-12
           2 0.2346393716980E+04 0.2346393716980E+04 0.8546885387975E-13
           3 0.6294554366904E+04 0.6294554366904E+04 0.3467739186958E-14
           4 0.5352565376030E+04 0.5352565376030E+04 0.8274983837599E-13
           5 0.3905864038618E+05 0.3905864038618E+05 0.6724813441406E-13
 Comparison of RMS-norms of solution error
           1 0.3100009377557E+03 0.3100009377557E+03 0.1366071578941E-12
           2 0.2424086324913E+02 0.2424086324913E+02 0.1598957340643E-12
           3 0.7782212022645E+02 0.7782212022645E+02 0.4072133465740E-13
           4 0.6835623860116E+02 0.6835623860116E+02 0.3596566920650E-13
           5 0.6065737200368E+03 0.6065737200368E+03 0.2605201960010E-13
 Verification Successful


 BT Benchmark Completed.
 Class           =                        D
 Size            =            408x 408x 408
 Iterations      =                      250
 Time in seconds =                   697.25
 Total processes =                      121
 Active procs    =                      121
 Mop/s total     =                 83665.28
 Mop/s/process   =                   691.45
 Operation type  =           floating point
 Verification    =               SUCCESSFUL
 Version         =                      3.4
 Compile date    =              02 Nov 2019

 Compile options:
    MPIFC        = mpifort
    FLINK        = $(MPIFC)
    FMPI_LIB     = (none)
    FMPI_INC     = (none)
    FFLAGS       = -O3
    FLINKFLAGS   = $(FFLAGS)
    RAND         = (none)


 Please send feedbacks and/or the results of this run to:

 NPB Development Team 
 Internet: npb@nas.nasa.gov




 NAS Parallel Benchmarks 3.4 -- BT Benchmark

 No input file inputbt.data. Using compiled defaults
 Size:  408x 408x 408  (class D)
 Iterations:  250    dt:   0.0000200
 Total number of processes:   121

 Time step    1
 Time step   20
 Time step   40
 Time step   60
 Time step   80
 Time step  100
 Time step  120
 Time step  140
 Time step  160
 Time step  180
 Time step  200
 Time step  220
 Time step  240
 Time step  250
 Verification being performed for class D
 accuracy setting for epsilon =  0.1000000000000E-07
 Comparison of RMS-norms of residual
           1 0.2533188551738E+05 0.2533188551738E+05 0.1493571395141E-12
           2 0.2346393716980E+04 0.2346393716980E+04 0.8546885387975E-13
           3 0.6294554366904E+04 0.6294554366904E+04 0.3467739186958E-14
           4 0.5352565376030E+04 0.5352565376030E+04 0.8274983837599E-13
           5 0.3905864038618E+05 0.3905864038618E+05 0.6724813441406E-13
 Comparison of RMS-norms of solution error
           1 0.3100009377557E+03 0.3100009377557E+03 0.1366071578941E-12
           2 0.2424086324913E+02 0.2424086324913E+02 0.1598957340643E-12
           3 0.7782212022645E+02 0.7782212022645E+02 0.4072133465740E-13
           4 0.6835623860116E+02 0.6835623860116E+02 0.3596566920650E-13
           5 0.6065737200368E+03 0.6065737200368E+03 0.2605201960010E-13
 Verification Successful


 BT Benchmark Completed.
 Class           =                        D
 Size            =            408x 408x 408
 Iterations      =                      250
 Time in seconds =                   697.92
 Total processes =                      121
 Active procs    =                      121
 Mop/s total     =                 83585.14
 Mop/s/process   =                   690.79
 Operation type  =           floating point
 Verification    =               SUCCESSFUL
 Version         =                      3.4
 Compile date    =              02 Nov 2019

 Compile options:
    MPIFC        = mpifort
    FLINK        = $(MPIFC)
    FMPI_LIB     = (none)
    FMPI_INC     = (none)
    FFLAGS       = -O3
    FLINKFLAGS   = $(FFLAGS)
    RAND         = (none)


 Please send feedbacks and/or the results of this run to:

 NPB Development Team 
 Internet: npb@nas.nasa.gov




 NAS Parallel Benchmarks 3.4 -- BT Benchmark

 No input file inputbt.data. Using compiled defaults
 Size:  408x 408x 408  (class D)
 Iterations:  250    dt:   0.0000200
 Total number of processes:   121

 Time step    1
 Time step   20
 Time step   40
 Time step   60
 Time step   80
 Time step  100
 Time step  120
 Time step  140
 Time step  160
 Time step  180
 Time step  200
 Time step  220
 Time step  240
 Time step  250
 Verification being performed for class D
 accuracy setting for epsilon =  0.1000000000000E-07
 Comparison of RMS-norms of residual
           1 0.2533188551738E+05 0.2533188551738E+05 0.1493571395141E-12
           2 0.2346393716980E+04 0.2346393716980E+04 0.8546885387975E-13
           3 0.6294554366904E+04 0.6294554366904E+04 0.3467739186958E-14
           4 0.5352565376030E+04 0.5352565376030E+04 0.8274983837599E-13
           5 0.3905864038618E+05 0.3905864038618E+05 0.6724813441406E-13
 Comparison of RMS-norms of solution error
           1 0.3100009377557E+03 0.3100009377557E+03 0.1366071578941E-12
           2 0.2424086324913E+02 0.2424086324913E+02 0.1598957340643E-12
           3 0.7782212022645E+02 0.7782212022645E+02 0.4072133465740E-13
           4 0.6835623860116E+02 0.6835623860116E+02 0.3596566920650E-13
           5 0.6065737200368E+03 0.6065737200368E+03 0.2605201960010E-13
 Verification Successful


 BT Benchmark Completed.
 Class           =                        D
 Size            =            408x 408x 408
 Iterations      =                      250
 Time in seconds =                   684.15
 Total processes =                      121
 Active procs    =                      121
 Mop/s total     =                 85267.00
 Mop/s/process   =                   704.69
 Operation type  =           floating point
 Verification    =               SUCCESSFUL
 Version         =                      3.4
 Compile date    =              02 Nov 2019

 Compile options:
    MPIFC        = mpifort
    FLINK        = $(MPIFC)
    FMPI_LIB     = (none)
    FMPI_INC     = (none)
    FFLAGS       = -O3
    FLINKFLAGS   = $(FFLAGS)
    RAND         = (none)


 Please send feedbacks and/or the results of this run to:

 NPB Development Team 
 Internet: npb@nas.nasa.gov




 NAS Parallel Benchmarks 3.4 -- BT Benchmark

 No input file inputbt.data. Using compiled defaults
 Size:  408x 408x 408  (class D)
 Iterations:  250    dt:   0.0000200
 Total number of processes:   121

 Time step    1
 Time step   20
 Time step   40
 Time step   60
 Time step   80
 Time step  100
 Time step  120
 Time step  140
 Time step  160
 Time step  180
 Time step  200
 Time step  220
 Time step  240
 Time step  250
 Verification being performed for class D
 accuracy setting for epsilon =  0.1000000000000E-07
 Comparison of RMS-norms of residual
           1 0.2533188551738E+05 0.2533188551738E+05 0.1493571395141E-12
           2 0.2346393716980E+04 0.2346393716980E+04 0.8546885387975E-13
           3 0.6294554366904E+04 0.6294554366904E+04 0.3467739186958E-14
           4 0.5352565376030E+04 0.5352565376030E+04 0.8274983837599E-13
           5 0.3905864038618E+05 0.3905864038618E+05 0.6724813441406E-13
 Comparison of RMS-norms of solution error
           1 0.3100009377557E+03 0.3100009377557E+03 0.1366071578941E-12
           2 0.2424086324913E+02 0.2424086324913E+02 0.1598957340643E-12
           3 0.7782212022645E+02 0.7782212022645E+02 0.4072133465740E-13
           4 0.6835623860116E+02 0.6835623860116E+02 0.3596566920650E-13
           5 0.6065737200368E+03 0.6065737200368E+03 0.2605201960010E-13
 Verification Successful


 BT Benchmark Completed.
 Class           =                        D
 Size            =            408x 408x 408
 Iterations      =                      250
 Time in seconds =                   699.71
 Total processes =                      121
 Active procs    =                      121
 Mop/s total     =                 83370.97
 Mop/s/process   =                   689.02
 Operation type  =           floating point
 Verification    =               SUCCESSFUL
 Version         =                      3.4
 Compile date    =              02 Nov 2019

 Compile options:
    MPIFC        = mpifort
    FLINK        = $(MPIFC)
    FMPI_LIB     = (none)
    FMPI_INC     = (none)
    FFLAGS       = -O3
    FLINKFLAGS   = $(FFLAGS)
    RAND         = (none)


 Please send feedbacks and/or the results of this run to:

 NPB Development Team 
 Internet: npb@nas.nasa.gov




 NAS Parallel Benchmarks 3.4 -- BT Benchmark

 No input file inputbt.data. Using compiled defaults
 Size:  408x 408x 408  (class D)
 Iterations:  250    dt:   0.0000200
 Total number of processes:   121

 Time step    1
 Time step   20
 Time step   40
 Time step   60
 Time step   80
 Time step  100
 Time step  120
 Time step  140
 Time step  160
 Time step  180
 Time step  200
 Time step  220
 Time step  240
 Time step  250
 Verification being performed for class D
 accuracy setting for epsilon =  0.1000000000000E-07
 Comparison of RMS-norms of residual
           1 0.2533188551738E+05 0.2533188551738E+05 0.1493571395141E-12
           2 0.2346393716980E+04 0.2346393716980E+04 0.8546885387975E-13
           3 0.6294554366904E+04 0.6294554366904E+04 0.3467739186958E-14
           4 0.5352565376030E+04 0.5352565376030E+04 0.8274983837599E-13
           5 0.3905864038618E+05 0.3905864038618E+05 0.6724813441406E-13
 Comparison of RMS-norms of solution error
           1 0.3100009377557E+03 0.3100009377557E+03 0.1366071578941E-12
           2 0.2424086324913E+02 0.2424086324913E+02 0.1598957340643E-12
           3 0.7782212022645E+02 0.7782212022645E+02 0.4072133465740E-13
           4 0.6835623860116E+02 0.6835623860116E+02 0.3596566920650E-13
           5 0.6065737200368E+03 0.6065737200368E+03 0.2605201960010E-13
 Verification Successful


 BT Benchmark Completed.
 Class           =                        D
 Size            =            408x 408x 408
 Iterations      =                      250
 Time in seconds =                   692.98
 Total processes =                      121
 Active procs    =                      121
 Mop/s total     =                 84180.77
 Mop/s/process   =                   695.71
 Operation type  =           floating point
 Verification    =               SUCCESSFUL
 Version         =                      3.4
 Compile date    =              02 Nov 2019

 Compile options:
    MPIFC        = mpifort
    FLINK        = $(MPIFC)
    FMPI_LIB     = (none)
    FMPI_INC     = (none)
    FFLAGS       = -O3
    FLINKFLAGS   = $(FFLAGS)
    RAND         = (none)


 Please send feedbacks and/or the results of this run to:

 NPB Development Team 
 Internet: npb@nas.nasa.gov




 NAS Parallel Benchmarks 3.4 -- BT Benchmark

 No input file inputbt.data. Using compiled defaults
 Size:  408x 408x 408  (class D)
 Iterations:  250    dt:   0.0000200
 Total number of processes:   121

 Time step    1
 Time step   20
 Time step   40
 Time step   60
 Time step   80
 Time step  100
 Time step  120
 Time step  140
 Time step  160
 Time step  180
 Time step  200
 Time step  220
 Time step  240
 Time step  250
 Verification being performed for class D
 accuracy setting for epsilon =  0.1000000000000E-07
 Comparison of RMS-norms of residual
           1 0.2533188551738E+05 0.2533188551738E+05 0.1493571395141E-12
           2 0.2346393716980E+04 0.2346393716980E+04 0.8546885387975E-13
           3 0.6294554366904E+04 0.6294554366904E+04 0.3467739186958E-14
           4 0.5352565376030E+04 0.5352565376030E+04 0.8274983837599E-13
           5 0.3905864038618E+05 0.3905864038618E+05 0.6724813441406E-13
 Comparison of RMS-norms of solution error
           1 0.3100009377557E+03 0.3100009377557E+03 0.1366071578941E-12
           2 0.2424086324913E+02 0.2424086324913E+02 0.1598957340643E-12
           3 0.7782212022645E+02 0.7782212022645E+02 0.4072133465740E-13
           4 0.6835623860116E+02 0.6835623860116E+02 0.3596566920650E-13
           5 0.6065737200368E+03 0.6065737200368E+03 0.2605201960010E-13
 Verification Successful


 BT Benchmark Completed.
 Class           =                        D
 Size            =            408x 408x 408
 Iterations      =                      250
 Time in seconds =                   699.07
 Total processes =                      121
 Active procs    =                      121
 Mop/s total     =                 83447.74
 Mop/s/process   =                   689.65
 Operation type  =           floating point
 Verification    =               SUCCESSFUL
 Version         =                      3.4
 Compile date    =              02 Nov 2019

 Compile options:
    MPIFC        = mpifort
    FLINK        = $(MPIFC)
    FMPI_LIB     = (none)
    FMPI_INC     = (none)
    FFLAGS       = -O3
    FLINKFLAGS   = $(FFLAGS)
    RAND         = (none)


 Please send feedbacks and/or the results of this run to:

 NPB Development Team 
 Internet: npb@nas.nasa.gov




 NAS Parallel Benchmarks 3.4 -- BT Benchmark

 No input file inputbt.data. Using compiled defaults
 Size:  408x 408x 408  (class D)
 Iterations:  250    dt:   0.0000200
 Total number of processes:   121

 Time step    1
 Time step   20
 Time step   40
 Time step   60
 Time step   80
 Time step  100
 Time step  120
 Time step  140
 Time step  160
 Time step  180
 Time step  200
 Time step  220
 Time step  240
 Time step  250
 Verification being performed for class D
 accuracy setting for epsilon =  0.1000000000000E-07
 Comparison of RMS-norms of residual
           1 0.2533188551738E+05 0.2533188551738E+05 0.1493571395141E-12
           2 0.2346393716980E+04 0.2346393716980E+04 0.8546885387975E-13
           3 0.6294554366904E+04 0.6294554366904E+04 0.3467739186958E-14
           4 0.5352565376030E+04 0.5352565376030E+04 0.8274983837599E-13
           5 0.3905864038618E+05 0.3905864038618E+05 0.6724813441406E-13
 Comparison of RMS-norms of solution error
           1 0.3100009377557E+03 0.3100009377557E+03 0.1366071578941E-12
           2 0.2424086324913E+02 0.2424086324913E+02 0.1598957340643E-12
           3 0.7782212022645E+02 0.7782212022645E+02 0.4072133465740E-13
           4 0.6835623860116E+02 0.6835623860116E+02 0.3596566920650E-13
           5 0.6065737200368E+03 0.6065737200368E+03 0.2605201960010E-13
 Verification Successful


 BT Benchmark Completed.
 Class           =                        D
 Size            =            408x 408x 408
 Iterations      =                      250
 Time in seconds =                   665.81
 Total processes =                      121
 Active procs    =                      121
 Mop/s total     =                 87615.69
 Mop/s/process   =                   724.10
 Operation type  =           floating point
 Verification    =               SUCCESSFUL
 Version         =                      3.4
 Compile date    =              02 Nov 2019

 Compile options:
    MPIFC        = mpifort
    FLINK        = $(MPIFC)
    FMPI_LIB     = (none)
    FMPI_INC     = (none)
    FFLAGS       = -O3
    FLINKFLAGS   = $(FFLAGS)
    RAND         = (none)


 Please send feedbacks and/or the results of this run to:

 NPB Development Team 
 Internet: npb@nas.nasa.gov




 NAS Parallel Benchmarks 3.4 -- BT Benchmark

 No input file inputbt.data. Using compiled defaults
 Size:  408x 408x 408  (class D)
 Iterations:  250    dt:   0.0000200
 Total number of processes:   121

 Time step    1
 Time step   20
 Time step   40
 Time step   60
 Time step   80
 Time step  100
 Time step  120
 Time step  140
 Time step  160
 Time step  180
 Time step  200
 Time step  220
 Time step  240
 Time step  250
 Verification being performed for class D
 accuracy setting for epsilon =  0.1000000000000E-07
 Comparison of RMS-norms of residual
           1 0.2533188551738E+05 0.2533188551738E+05 0.1493571395141E-12
           2 0.2346393716980E+04 0.2346393716980E+04 0.8546885387975E-13
           3 0.6294554366904E+04 0.6294554366904E+04 0.3467739186958E-14
           4 0.5352565376030E+04 0.5352565376030E+04 0.8274983837599E-13
           5 0.3905864038618E+05 0.3905864038618E+05 0.6724813441406E-13
 Comparison of RMS-norms of solution error
           1 0.3100009377557E+03 0.3100009377557E+03 0.1366071578941E-12
           2 0.2424086324913E+02 0.2424086324913E+02 0.1598957340643E-12
           3 0.7782212022645E+02 0.7782212022645E+02 0.4072133465740E-13
           4 0.6835623860116E+02 0.6835623860116E+02 0.3596566920650E-13
           5 0.6065737200368E+03 0.6065737200368E+03 0.2605201960010E-13
 Verification Successful


 BT Benchmark Completed.
 Class           =                        D
 Size            =            408x 408x 408
 Iterations      =                      250
 Time in seconds =                   678.85
 Total processes =                      121
 Active procs    =                      121
 Mop/s total     =                 85933.36
 Mop/s/process   =                   710.19
 Operation type  =           floating point
 Verification    =               SUCCESSFUL
 Version         =                      3.4
 Compile date    =              02 Nov 2019

 Compile options:
    MPIFC        = mpifort
    FLINK        = $(MPIFC)
    FMPI_LIB     = (none)
    FMPI_INC     = (none)
    FFLAGS       = -O3
    FLINKFLAGS   = $(FFLAGS)
    RAND         = (none)


 Please send feedbacks and/or the results of this run to:

 NPB Development Team 
 Internet: npb@nas.nasa.gov




 NAS Parallel Benchmarks 3.4 -- BT Benchmark

 No input file inputbt.data. Using compiled defaults
 Size:  408x 408x 408  (class D)
 Iterations:  250    dt:   0.0000200
 Total number of processes:   121

 Time step    1
 Time step   20
 Time step   40
 Time step   60
 Time step   80
 Time step  100
 Time step  120
 Time step  140
 Time step  160
 Time step  180
 Time step  200
 Time step  220
 Time step  240
 Time step  250
 Verification being performed for class D
 accuracy setting for epsilon =  0.1000000000000E-07
 Comparison of RMS-norms of residual
           1 0.2533188551738E+05 0.2533188551738E+05 0.1493571395141E-12
           2 0.2346393716980E+04 0.2346393716980E+04 0.8546885387975E-13
           3 0.6294554366904E+04 0.6294554366904E+04 0.3467739186958E-14
           4 0.5352565376030E+04 0.5352565376030E+04 0.8274983837599E-13
           5 0.3905864038618E+05 0.3905864038618E+05 0.6724813441406E-13
 Comparison of RMS-norms of solution error
           1 0.3100009377557E+03 0.3100009377557E+03 0.1366071578941E-12
           2 0.2424086324913E+02 0.2424086324913E+02 0.1598957340643E-12
           3 0.7782212022645E+02 0.7782212022645E+02 0.4072133465740E-13
           4 0.6835623860116E+02 0.6835623860116E+02 0.3596566920650E-13
           5 0.6065737200368E+03 0.6065737200368E+03 0.2605201960010E-13
 Verification Successful


 BT Benchmark Completed.
 Class           =                        D
 Size            =            408x 408x 408
 Iterations      =                      250
 Time in seconds =                   692.29
 Total processes =                      121
 Active procs    =                      121
 Mop/s total     =                 84265.44
 Mop/s/process   =                   696.41
 Operation type  =           floating point
 Verification    =               SUCCESSFUL
 Version         =                      3.4
 Compile date    =              02 Nov 2019

 Compile options:
    MPIFC        = mpifort
    FLINK        = $(MPIFC)
    FMPI_LIB     = (none)
    FMPI_INC     = (none)
    FFLAGS       = -O3
    FLINKFLAGS   = $(FFLAGS)
    RAND         = (none)


 Please send feedbacks and/or the results of this run to:

 NPB Development Team 
 Internet: npb@nas.nasa.gov




 NAS Parallel Benchmarks 3.4 -- BT Benchmark

 No input file inputbt.data. Using compiled defaults
 Size:  408x 408x 408  (class D)
 Iterations:  250    dt:   0.0000200
 Total number of processes:   121

 Time step    1
 Time step   20
 Time step   40
 Time step   60
 Time step   80
 Time step  100
 Time step  120
 Time step  140
 Time step  160
 Time step  180
 Time step  200
 Time step  220
 Time step  240
 Time step  250
 Verification being performed for class D
 accuracy setting for epsilon =  0.1000000000000E-07
 Comparison of RMS-norms of residual
           1 0.2533188551738E+05 0.2533188551738E+05 0.1493571395141E-12
           2 0.2346393716980E+04 0.2346393716980E+04 0.8546885387975E-13
           3 0.6294554366904E+04 0.6294554366904E+04 0.3467739186958E-14
           4 0.5352565376030E+04 0.5352565376030E+04 0.8274983837599E-13
           5 0.3905864038618E+05 0.3905864038618E+05 0.6724813441406E-13
 Comparison of RMS-norms of solution error
           1 0.3100009377557E+03 0.3100009377557E+03 0.1366071578941E-12
           2 0.2424086324913E+02 0.2424086324913E+02 0.1598957340643E-12
           3 0.7782212022645E+02 0.7782212022645E+02 0.4072133465740E-13
           4 0.6835623860116E+02 0.6835623860116E+02 0.3596566920650E-13
           5 0.6065737200368E+03 0.6065737200368E+03 0.2605201960010E-13
 Verification Successful


 BT Benchmark Completed.
 Class           =                        D
 Size            =            408x 408x 408
 Iterations      =                      250
 Time in seconds =                   689.96
 Total processes =                      121
 Active procs    =                      121
 Mop/s total     =                 84549.61
 Mop/s/process   =                   698.76
 Operation type  =           floating point
 Verification    =               SUCCESSFUL
 Version         =                      3.4
 Compile date    =              02 Nov 2019

 Compile options:
    MPIFC        = mpifort
    FLINK        = $(MPIFC)
    FMPI_LIB     = (none)
    FMPI_INC     = (none)
    FFLAGS       = -O3
    FLINKFLAGS   = $(FFLAGS)
    RAND         = (none)


 Please send feedbacks and/or the results of this run to:

 NPB Development Team 
 Internet: npb@nas.nasa.gov




 NAS Parallel Benchmarks 3.4 -- BT Benchmark

 No input file inputbt.data. Using compiled defaults
 Size:  408x 408x 408  (class D)
 Iterations:  250    dt:   0.0000200
 Total number of processes:   121

 Time step    1
 Time step   20
 Time step   40
 Time step   60
 Time step   80
 Time step  100
 Time step  120
 Time step  140
 Time step  160
 Time step  180
 Time step  200
 Time step  220
 Time step  240
 Time step  250
 Verification being performed for class D
 accuracy setting for epsilon =  0.1000000000000E-07
 Comparison of RMS-norms of residual
           1 0.2533188551738E+05 0.2533188551738E+05 0.1493571395141E-12
           2 0.2346393716980E+04 0.2346393716980E+04 0.8546885387975E-13
           3 0.6294554366904E+04 0.6294554366904E+04 0.3467739186958E-14
           4 0.5352565376030E+04 0.5352565376030E+04 0.8274983837599E-13
           5 0.3905864038618E+05 0.3905864038618E+05 0.6724813441406E-13
 Comparison of RMS-norms of solution error
           1 0.3100009377557E+03 0.3100009377557E+03 0.1366071578941E-12
           2 0.2424086324913E+02 0.2424086324913E+02 0.1598957340643E-12
           3 0.7782212022645E+02 0.7782212022645E+02 0.4072133465740E-13
           4 0.6835623860116E+02 0.6835623860116E+02 0.3596566920650E-13
           5 0.6065737200368E+03 0.6065737200368E+03 0.2605201960010E-13
 Verification Successful


 BT Benchmark Completed.
 Class           =                        D
 Size            =            408x 408x 408
 Iterations      =                      250
 Time in seconds =                   666.31
 Total processes =                      121
 Active procs    =                      121
 Mop/s total     =                 87550.28
 Mop/s/process   =                   723.56
 Operation type  =           floating point
 Verification    =               SUCCESSFUL
 Version         =                      3.4
 Compile date    =              02 Nov 2019

 Compile options:
    MPIFC        = mpifort
    FLINK        = $(MPIFC)
    FMPI_LIB     = (none)
    FMPI_INC     = (none)
    FFLAGS       = -O3
    FLINKFLAGS   = $(FFLAGS)
    RAND         = (none)


 Please send feedbacks and/or the results of this run to:

 NPB Development Team 
 Internet: npb@nas.nasa.gov




 NAS Parallel Benchmarks 3.4 -- BT Benchmark

 No input file inputbt.data. Using compiled defaults
 Size:  408x 408x 408  (class D)
 Iterations:  250    dt:   0.0000200
 Total number of processes:   121

 Time step    1
 Time step   20
 Time step   40
 Time step   60
 Time step   80
 Time step  100
 Time step  120
 Time step  140
 Time step  160
 Time step  180
 Time step  200
 Time step  220
 Time step  240
 Time step  250
 Verification being performed for class D
 accuracy setting for epsilon =  0.1000000000000E-07
 Comparison of RMS-norms of residual
           1 0.2533188551738E+05 0.2533188551738E+05 0.1493571395141E-12
           2 0.2346393716980E+04 0.2346393716980E+04 0.8546885387975E-13
           3 0.6294554366904E+04 0.6294554366904E+04 0.3467739186958E-14
           4 0.5352565376030E+04 0.5352565376030E+04 0.8274983837599E-13
           5 0.3905864038618E+05 0.3905864038618E+05 0.6724813441406E-13
 Comparison of RMS-norms of solution error
           1 0.3100009377557E+03 0.3100009377557E+03 0.1366071578941E-12
           2 0.2424086324913E+02 0.2424086324913E+02 0.1598957340643E-12
           3 0.7782212022645E+02 0.7782212022645E+02 0.4072133465740E-13
           4 0.6835623860116E+02 0.6835623860116E+02 0.3596566920650E-13
           5 0.6065737200368E+03 0.6065737200368E+03 0.2605201960010E-13
 Verification Successful


 BT Benchmark Completed.
 Class           =                        D
 Size            =            408x 408x 408
 Iterations      =                      250
 Time in seconds =                   702.26
 Total processes =                      121
 Active procs    =                      121
 Mop/s total     =                 83068.52
 Mop/s/process   =                   686.52
 Operation type  =           floating point
 Verification    =               SUCCESSFUL
 Version         =                      3.4
 Compile date    =              02 Nov 2019

 Compile options:
    MPIFC        = mpifort
    FLINK        = $(MPIFC)
    FMPI_LIB     = (none)
    FMPI_INC     = (none)
    FFLAGS       = -O3
    FLINKFLAGS   = $(FFLAGS)
    RAND         = (none)


 Please send feedbacks and/or the results of this run to:

 NPB Development Team 
 Internet: npb@nas.nasa.gov




 NAS Parallel Benchmarks 3.4 -- BT Benchmark

 No input file inputbt.data. Using compiled defaults
 Size:  408x 408x 408  (class D)
 Iterations:  250    dt:   0.0000200
 Total number of processes:   121

 Time step    1
 Time step   20
 Time step   40
 Time step   60
 Time step   80
 Time step  100
 Time step  120
 Time step  140
 Time step  160
 Time step  180
 Time step  200
 Time step  220
 Time step  240
 Time step  250
 Verification being performed for class D
 accuracy setting for epsilon =  0.1000000000000E-07
 Comparison of RMS-norms of residual
           1 0.2533188551738E+05 0.2533188551738E+05 0.1493571395141E-12
           2 0.2346393716980E+04 0.2346393716980E+04 0.8546885387975E-13
           3 0.6294554366904E+04 0.6294554366904E+04 0.3467739186958E-14
           4 0.5352565376030E+04 0.5352565376030E+04 0.8274983837599E-13
           5 0.3905864038618E+05 0.3905864038618E+05 0.6724813441406E-13
 Comparison of RMS-norms of solution error
           1 0.3100009377557E+03 0.3100009377557E+03 0.1366071578941E-12
           2 0.2424086324913E+02 0.2424086324913E+02 0.1598957340643E-12
           3 0.7782212022645E+02 0.7782212022645E+02 0.4072133465740E-13
           4 0.6835623860116E+02 0.6835623860116E+02 0.3596566920650E-13
           5 0.6065737200368E+03 0.6065737200368E+03 0.2605201960010E-13
 Verification Successful


 BT Benchmark Completed.
 Class           =                        D
 Size            =            408x 408x 408
 Iterations      =                      250
 Time in seconds =                   691.73
 Total processes =                      121
 Active procs    =                      121
 Mop/s total     =                 84333.26
 Mop/s/process   =                   696.97
 Operation type  =           floating point
 Verification    =               SUCCESSFUL
 Version         =                      3.4
 Compile date    =              02 Nov 2019

 Compile options:
    MPIFC        = mpifort
    FLINK        = $(MPIFC)
    FMPI_LIB     = (none)
    FMPI_INC     = (none)
    FFLAGS       = -O3
    FLINKFLAGS   = $(FFLAGS)
    RAND         = (none)


 Please send feedbacks and/or the results of this run to:

 NPB Development Team 
 Internet: npb@nas.nasa.gov




 NAS Parallel Benchmarks 3.4 -- BT Benchmark

 No input file inputbt.data. Using compiled defaults
 Size:  408x 408x 408  (class D)
 Iterations:  250    dt:   0.0000200
 Total number of processes:   121

 Time step    1
 Time step   20
 Time step   40
 Time step   60
 Time step   80
 Time step  100
 Time step  120
 Time step  140
 Time step  160
 Time step  180
 Time step  200
 Time step  220
 Time step  240
 Time step  250
 Verification being performed for class D
 accuracy setting for epsilon =  0.1000000000000E-07
 Comparison of RMS-norms of residual
           1 0.2533188551738E+05 0.2533188551738E+05 0.1493571395141E-12
           2 0.2346393716980E+04 0.2346393716980E+04 0.8546885387975E-13
           3 0.6294554366904E+04 0.6294554366904E+04 0.3467739186958E-14
           4 0.5352565376030E+04 0.5352565376030E+04 0.8274983837599E-13
           5 0.3905864038618E+05 0.3905864038618E+05 0.6724813441406E-13
 Comparison of RMS-norms of solution error
           1 0.3100009377557E+03 0.3100009377557E+03 0.1366071578941E-12
           2 0.2424086324913E+02 0.2424086324913E+02 0.1598957340643E-12
           3 0.7782212022645E+02 0.7782212022645E+02 0.4072133465740E-13
           4 0.6835623860116E+02 0.6835623860116E+02 0.3596566920650E-13
           5 0.6065737200368E+03 0.6065737200368E+03 0.2605201960010E-13
 Verification Successful


 BT Benchmark Completed.
 Class           =                        D
 Size            =            408x 408x 408
 Iterations      =                      250
 Time in seconds =                   666.24
 Total processes =                      121
 Active procs    =                      121
 Mop/s total     =                 87559.40
 Mop/s/process   =                   723.63
 Operation type  =           floating point
 Verification    =               SUCCESSFUL
 Version         =                      3.4
 Compile date    =              02 Nov 2019

 Compile options:
    MPIFC        = mpifort
    FLINK        = $(MPIFC)
    FMPI_LIB     = (none)
    FMPI_INC     = (none)
    FFLAGS       = -O3
    FLINKFLAGS   = $(FFLAGS)
    RAND         = (none)


 Please send feedbacks and/or the results of this run to:

 NPB Development Team 
 Internet: npb@nas.nasa.gov




 NAS Parallel Benchmarks 3.4 -- BT Benchmark

 No input file inputbt.data. Using compiled defaults
 Size:  408x 408x 408  (class D)
 Iterations:  250    dt:   0.0000200
 Total number of processes:   121

 Time step    1
 Time step   20
 Time step   40
 Time step   60
 Time step   80
 Time step  100
 Time step  120
 Time step  140
 Time step  160
 Time step  180
 Time step  200
 Time step  220
 Time step  240
 Time step  250
 Verification being performed for class D
 accuracy setting for epsilon =  0.1000000000000E-07
 Comparison of RMS-norms of residual
           1 0.2533188551738E+05 0.2533188551738E+05 0.1493571395141E-12
           2 0.2346393716980E+04 0.2346393716980E+04 0.8546885387975E-13
           3 0.6294554366904E+04 0.6294554366904E+04 0.3467739186958E-14
           4 0.5352565376030E+04 0.5352565376030E+04 0.8274983837599E-13
           5 0.3905864038618E+05 0.3905864038618E+05 0.6724813441406E-13
 Comparison of RMS-norms of solution error
           1 0.3100009377557E+03 0.3100009377557E+03 0.1366071578941E-12
           2 0.2424086324913E+02 0.2424086324913E+02 0.1598957340643E-12
           3 0.7782212022645E+02 0.7782212022645E+02 0.4072133465740E-13
           4 0.6835623860116E+02 0.6835623860116E+02 0.3596566920650E-13
           5 0.6065737200368E+03 0.6065737200368E+03 0.2605201960010E-13
 Verification Successful


 BT Benchmark Completed.
 Class           =                        D
 Size            =            408x 408x 408
 Iterations      =                      250
 Time in seconds =                   696.96
 Total processes =                      121
 Active procs    =                      121
 Mop/s total     =                 83700.27
 Mop/s/process   =                   691.74
 Operation type  =           floating point
 Verification    =               SUCCESSFUL
 Version         =                      3.4
 Compile date    =              02 Nov 2019

 Compile options:
    MPIFC        = mpifort
    FLINK        = $(MPIFC)
    FMPI_LIB     = (none)
    FMPI_INC     = (none)
    FFLAGS       = -O3
    FLINKFLAGS   = $(FFLAGS)
    RAND         = (none)


 Please send feedbacks and/or the results of this run to:

 NPB Development Team 
 Internet: npb@nas.nasa.gov




 NAS Parallel Benchmarks 3.4 -- BT Benchmark

 No input file inputbt.data. Using compiled defaults
 Size:  408x 408x 408  (class D)
 Iterations:  250    dt:   0.0000200
 Total number of processes:   121

 Time step    1
 Time step   20
 Time step   40
 Time step   60
 Time step   80
 Time step  100
 Time step  120
 Time step  140
 Time step  160
 Time step  180
 Time step  200
 Time step  220
 Time step  240
 Time step  250
 Verification being performed for class D
 accuracy setting for epsilon =  0.1000000000000E-07
 Comparison of RMS-norms of residual
           1 0.2533188551738E+05 0.2533188551738E+05 0.1493571395141E-12
           2 0.2346393716980E+04 0.2346393716980E+04 0.8546885387975E-13
           3 0.6294554366904E+04 0.6294554366904E+04 0.3467739186958E-14
           4 0.5352565376030E+04 0.5352565376030E+04 0.8274983837599E-13
           5 0.3905864038618E+05 0.3905864038618E+05 0.6724813441406E-13
 Comparison of RMS-norms of solution error
           1 0.3100009377557E+03 0.3100009377557E+03 0.1366071578941E-12
           2 0.2424086324913E+02 0.2424086324913E+02 0.1598957340643E-12
           3 0.7782212022645E+02 0.7782212022645E+02 0.4072133465740E-13
           4 0.6835623860116E+02 0.6835623860116E+02 0.3596566920650E-13
           5 0.6065737200368E+03 0.6065737200368E+03 0.2605201960010E-13
 Verification Successful


 BT Benchmark Completed.
 Class           =                        D
 Size            =            408x 408x 408
 Iterations      =                      250
 Time in seconds =                   701.29
 Total processes =                      121
 Active procs    =                      121
 Mop/s total     =                 83183.27
 Mop/s/process   =                   687.47
 Operation type  =           floating point
 Verification    =               SUCCESSFUL
 Version         =                      3.4
 Compile date    =              02 Nov 2019

 Compile options:
    MPIFC        = mpifort
    FLINK        = $(MPIFC)
    FMPI_LIB     = (none)
    FMPI_INC     = (none)
    FFLAGS       = -O3
    FLINKFLAGS   = $(FFLAGS)
    RAND         = (none)


 Please send feedbacks and/or the results of this run to:

 NPB Development Team 
 Internet: npb@nas.nasa.gov




 NAS Parallel Benchmarks 3.4 -- BT Benchmark

 No input file inputbt.data. Using compiled defaults
 Size:  408x 408x 408  (class D)
 Iterations:  250    dt:   0.0000200
 Total number of processes:   121

 Time step    1
 Time step   20
 Time step   40
 Time step   60
 Time step   80
 Time step  100
 Time step  120
 Time step  140
 Time step  160
 Time step  180
 Time step  200
 Time step  220
 Time step  240
 Time step  250
 Verification being performed for class D
 accuracy setting for epsilon =  0.1000000000000E-07
 Comparison of RMS-norms of residual
           1 0.2533188551738E+05 0.2533188551738E+05 0.1493571395141E-12
           2 0.2346393716980E+04 0.2346393716980E+04 0.8546885387975E-13
           3 0.6294554366904E+04 0.6294554366904E+04 0.3467739186958E-14
           4 0.5352565376030E+04 0.5352565376030E+04 0.8274983837599E-13
           5 0.3905864038618E+05 0.3905864038618E+05 0.6724813441406E-13
 Comparison of RMS-norms of solution error
           1 0.3100009377557E+03 0.3100009377557E+03 0.1366071578941E-12
           2 0.2424086324913E+02 0.2424086324913E+02 0.1598957340643E-12
           3 0.7782212022645E+02 0.7782212022645E+02 0.4072133465740E-13
           4 0.6835623860116E+02 0.6835623860116E+02 0.3596566920650E-13
           5 0.6065737200368E+03 0.6065737200368E+03 0.2605201960010E-13
 Verification Successful


 BT Benchmark Completed.
 Class           =                        D
 Size            =            408x 408x 408
 Iterations      =                      250
 Time in seconds =                   690.34
 Total processes =                      121
 Active procs    =                      121
 Mop/s total     =                 84503.52
 Mop/s/process   =                   698.38
 Operation type  =           floating point
 Verification    =               SUCCESSFUL
 Version         =                      3.4
 Compile date    =              02 Nov 2019

 Compile options:
    MPIFC        = mpifort
    FLINK        = $(MPIFC)
    FMPI_LIB     = (none)
    FMPI_INC     = (none)
    FFLAGS       = -O3
    FLINKFLAGS   = $(FFLAGS)
    RAND         = (none)


 Please send feedbacks and/or the results of this run to:

 NPB Development Team 
 Internet: npb@nas.nasa.gov


