
 NAS Parallel Benchmarks 3.4 -- EP Benchmark

 Number of random numbers generated:    137438953472  (class D)
 Total number of processes:                      128

EP Benchmark Results:

CPU Time =   37.1735
N = 2^   36
No. Gaussian Pairs =   53972171957.
Sums =     1.982481200937991D+05   -1.020596636363627D+05
Counts:
  0   25154622775.
  1   24017899906.
  2    4508609839.
  3     284201296.
  4       6776403.
  5         61541.
  6           197.
  7             0.
  8             0.
  9             0.


 EP Benchmark Completed.
 Class           =                        D
 Size            =             137438953472
 Iterations      =                        0
 Time in seconds =                    37.17
 Total processes =                      128
 Active procs    =                      128
 Mop/s total     =                  3697.23
 Mop/s/process   =                    28.88
 Operation type  = Random numbers generated
 Verification    =               SUCCESSFUL
 Version         =                      3.4
 Compile date    =              02 Nov 2019

 Compile options:
    MPIFC        = mpifort
    FLINK        = $(MPIFC)
    FMPI_LIB     = (none)
    FMPI_INC     = (none)
    FFLAGS       = -O3
    FLINKFLAGS   = $(FFLAGS)
    RAND         = randi8


 Please send feedbacks and/or the results of this run to:

 NPB Development Team 
 Internet: npb@nas.nasa.gov



 NAS Parallel Benchmarks 3.4 -- EP Benchmark

 Number of random numbers generated:    137438953472  (class D)
 Total number of processes:                      128

EP Benchmark Results:

CPU Time =   37.2402
N = 2^   36
No. Gaussian Pairs =   53972171957.
Sums =     1.982481200937991D+05   -1.020596636363627D+05
Counts:
  0   25154622775.
  1   24017899906.
  2    4508609839.
  3     284201296.
  4       6776403.
  5         61541.
  6           197.
  7             0.
  8             0.
  9             0.


 EP Benchmark Completed.
 Class           =                        D
 Size            =             137438953472
 Iterations      =                        0
 Time in seconds =                    37.24
 Total processes =                      128
 Active procs    =                      128
 Mop/s total     =                  3690.61
 Mop/s/process   =                    28.83
 Operation type  = Random numbers generated
 Verification    =               SUCCESSFUL
 Version         =                      3.4
 Compile date    =              02 Nov 2019

 Compile options:
    MPIFC        = mpifort
    FLINK        = $(MPIFC)
    FMPI_LIB     = (none)
    FMPI_INC     = (none)
    FFLAGS       = -O3
    FLINKFLAGS   = $(FFLAGS)
    RAND         = randi8


 Please send feedbacks and/or the results of this run to:

 NPB Development Team 
 Internet: npb@nas.nasa.gov



 NAS Parallel Benchmarks 3.4 -- EP Benchmark

 Number of random numbers generated:    137438953472  (class D)
 Total number of processes:                      128

EP Benchmark Results:

CPU Time =   37.2199
N = 2^   36
No. Gaussian Pairs =   53972171957.
Sums =     1.982481200937991D+05   -1.020596636363627D+05
Counts:
  0   25154622775.
  1   24017899906.
  2    4508609839.
  3     284201296.
  4       6776403.
  5         61541.
  6           197.
  7             0.
  8             0.
  9             0.


 EP Benchmark Completed.
 Class           =                        D
 Size            =             137438953472
 Iterations      =                        0
 Time in seconds =                    37.22
 Total processes =                      128
 Active procs    =                      128
 Mop/s total     =                  3692.62
 Mop/s/process   =                    28.85
 Operation type  = Random numbers generated
 Verification    =               SUCCESSFUL
 Version         =                      3.4
 Compile date    =              02 Nov 2019

 Compile options:
    MPIFC        = mpifort
    FLINK        = $(MPIFC)
    FMPI_LIB     = (none)
    FMPI_INC     = (none)
    FFLAGS       = -O3
    FLINKFLAGS   = $(FFLAGS)
    RAND         = randi8


 Please send feedbacks and/or the results of this run to:

 NPB Development Team 
 Internet: npb@nas.nasa.gov



 NAS Parallel Benchmarks 3.4 -- EP Benchmark

 Number of random numbers generated:    137438953472  (class D)
 Total number of processes:                      128

EP Benchmark Results:

CPU Time =   37.4057
N = 2^   36
No. Gaussian Pairs =   53972171957.
Sums =     1.982481200937991D+05   -1.020596636363627D+05
Counts:
  0   25154622775.
  1   24017899906.
  2    4508609839.
  3     284201296.
  4       6776403.
  5         61541.
  6           197.
  7             0.
  8             0.
  9             0.


 EP Benchmark Completed.
 Class           =                        D
 Size            =             137438953472
 Iterations      =                        0
 Time in seconds =                    37.41
 Total processes =                      128
 Active procs    =                      128
 Mop/s total     =                  3674.28
 Mop/s/process   =                    28.71
 Operation type  = Random numbers generated
 Verification    =               SUCCESSFUL
 Version         =                      3.4
 Compile date    =              02 Nov 2019

 Compile options:
    MPIFC        = mpifort
    FLINK        = $(MPIFC)
    FMPI_LIB     = (none)
    FMPI_INC     = (none)
    FFLAGS       = -O3
    FLINKFLAGS   = $(FFLAGS)
    RAND         = randi8


 Please send feedbacks and/or the results of this run to:

 NPB Development Team 
 Internet: npb@nas.nasa.gov



 NAS Parallel Benchmarks 3.4 -- EP Benchmark

 Number of random numbers generated:    137438953472  (class D)
 Total number of processes:                      128

EP Benchmark Results:

CPU Time =   37.4588
N = 2^   36
No. Gaussian Pairs =   53972171957.
Sums =     1.982481200937991D+05   -1.020596636363627D+05
Counts:
  0   25154622775.
  1   24017899906.
  2    4508609839.
  3     284201296.
  4       6776403.
  5         61541.
  6           197.
  7             0.
  8             0.
  9             0.


 EP Benchmark Completed.
 Class           =                        D
 Size            =             137438953472
 Iterations      =                        0
 Time in seconds =                    37.46
 Total processes =                      128
 Active procs    =                      128
 Mop/s total     =                  3669.07
 Mop/s/process   =                    28.66
 Operation type  = Random numbers generated
 Verification    =               SUCCESSFUL
 Version         =                      3.4
 Compile date    =              02 Nov 2019

 Compile options:
    MPIFC        = mpifort
    FLINK        = $(MPIFC)
    FMPI_LIB     = (none)
    FMPI_INC     = (none)
    FFLAGS       = -O3
    FLINKFLAGS   = $(FFLAGS)
    RAND         = randi8


 Please send feedbacks and/or the results of this run to:

 NPB Development Team 
 Internet: npb@nas.nasa.gov



 NAS Parallel Benchmarks 3.4 -- EP Benchmark

 Number of random numbers generated:    137438953472  (class D)
 Total number of processes:                      128

EP Benchmark Results:

CPU Time =   43.4711
N = 2^   36
No. Gaussian Pairs =   53972171957.
Sums =     1.982481200937991D+05   -1.020596636363627D+05
Counts:
  0   25154622775.
  1   24017899906.
  2    4508609839.
  3     284201296.
  4       6776403.
  5         61541.
  6           197.
  7             0.
  8             0.
  9             0.


 EP Benchmark Completed.
 Class           =                        D
 Size            =             137438953472
 Iterations      =                        0
 Time in seconds =                    43.47
 Total processes =                      128
 Active procs    =                      128
 Mop/s total     =                  3161.61
 Mop/s/process   =                    24.70
 Operation type  = Random numbers generated
 Verification    =               SUCCESSFUL
 Version         =                      3.4
 Compile date    =              02 Nov 2019

 Compile options:
    MPIFC        = mpifort
    FLINK        = $(MPIFC)
    FMPI_LIB     = (none)
    FMPI_INC     = (none)
    FFLAGS       = -O3
    FLINKFLAGS   = $(FFLAGS)
    RAND         = randi8


 Please send feedbacks and/or the results of this run to:

 NPB Development Team 
 Internet: npb@nas.nasa.gov



 NAS Parallel Benchmarks 3.4 -- EP Benchmark

 Number of random numbers generated:    137438953472  (class D)
 Total number of processes:                      128

EP Benchmark Results:

CPU Time =   37.2198
N = 2^   36
No. Gaussian Pairs =   53972171957.
Sums =     1.982481200937991D+05   -1.020596636363627D+05
Counts:
  0   25154622775.
  1   24017899906.
  2    4508609839.
  3     284201296.
  4       6776403.
  5         61541.
  6           197.
  7             0.
  8             0.
  9             0.


 EP Benchmark Completed.
 Class           =                        D
 Size            =             137438953472
 Iterations      =                        0
 Time in seconds =                    37.22
 Total processes =                      128
 Active procs    =                      128
 Mop/s total     =                  3692.63
 Mop/s/process   =                    28.85
 Operation type  = Random numbers generated
 Verification    =               SUCCESSFUL
 Version         =                      3.4
 Compile date    =              02 Nov 2019

 Compile options:
    MPIFC        = mpifort
    FLINK        = $(MPIFC)
    FMPI_LIB     = (none)
    FMPI_INC     = (none)
    FFLAGS       = -O3
    FLINKFLAGS   = $(FFLAGS)
    RAND         = randi8


 Please send feedbacks and/or the results of this run to:

 NPB Development Team 
 Internet: npb@nas.nasa.gov



 NAS Parallel Benchmarks 3.4 -- EP Benchmark

 Number of random numbers generated:    137438953472  (class D)
 Total number of processes:                      128

EP Benchmark Results:

CPU Time =   37.8264
N = 2^   36
No. Gaussian Pairs =   53972171957.
Sums =     1.982481200937991D+05   -1.020596636363627D+05
Counts:
  0   25154622775.
  1   24017899906.
  2    4508609839.
  3     284201296.
  4       6776403.
  5         61541.
  6           197.
  7             0.
  8             0.
  9             0.


 EP Benchmark Completed.
 Class           =                        D
 Size            =             137438953472
 Iterations      =                        0
 Time in seconds =                    37.83
 Total processes =                      128
 Active procs    =                      128
 Mop/s total     =                  3633.41
 Mop/s/process   =                    28.39
 Operation type  = Random numbers generated
 Verification    =               SUCCESSFUL
 Version         =                      3.4
 Compile date    =              02 Nov 2019

 Compile options:
    MPIFC        = mpifort
    FLINK        = $(MPIFC)
    FMPI_LIB     = (none)
    FMPI_INC     = (none)
    FFLAGS       = -O3
    FLINKFLAGS   = $(FFLAGS)
    RAND         = randi8


 Please send feedbacks and/or the results of this run to:

 NPB Development Team 
 Internet: npb@nas.nasa.gov



 NAS Parallel Benchmarks 3.4 -- EP Benchmark

 Number of random numbers generated:    137438953472  (class D)
 Total number of processes:                      128

EP Benchmark Results:

CPU Time =   37.3612
N = 2^   36
No. Gaussian Pairs =   53972171957.
Sums =     1.982481200937991D+05   -1.020596636363627D+05
Counts:
  0   25154622775.
  1   24017899906.
  2    4508609839.
  3     284201296.
  4       6776403.
  5         61541.
  6           197.
  7             0.
  8             0.
  9             0.


 EP Benchmark Completed.
 Class           =                        D
 Size            =             137438953472
 Iterations      =                        0
 Time in seconds =                    37.36
 Total processes =                      128
 Active procs    =                      128
 Mop/s total     =                  3678.65
 Mop/s/process   =                    28.74
 Operation type  = Random numbers generated
 Verification    =               SUCCESSFUL
 Version         =                      3.4
 Compile date    =              02 Nov 2019

 Compile options:
    MPIFC        = mpifort
    FLINK        = $(MPIFC)
    FMPI_LIB     = (none)
    FMPI_INC     = (none)
    FFLAGS       = -O3
    FLINKFLAGS   = $(FFLAGS)
    RAND         = randi8


 Please send feedbacks and/or the results of this run to:

 NPB Development Team 
 Internet: npb@nas.nasa.gov



 NAS Parallel Benchmarks 3.4 -- EP Benchmark

 Number of random numbers generated:    137438953472  (class D)
 Total number of processes:                      128

EP Benchmark Results:

CPU Time =   37.3861
N = 2^   36
No. Gaussian Pairs =   53972171957.
Sums =     1.982481200937991D+05   -1.020596636363627D+05
Counts:
  0   25154622775.
  1   24017899906.
  2    4508609839.
  3     284201296.
  4       6776403.
  5         61541.
  6           197.
  7             0.
  8             0.
  9             0.


 EP Benchmark Completed.
 Class           =                        D
 Size            =             137438953472
 Iterations      =                        0
 Time in seconds =                    37.39
 Total processes =                      128
 Active procs    =                      128
 Mop/s total     =                  3676.20
 Mop/s/process   =                    28.72
 Operation type  = Random numbers generated
 Verification    =               SUCCESSFUL
 Version         =                      3.4
 Compile date    =              02 Nov 2019

 Compile options:
    MPIFC        = mpifort
    FLINK        = $(MPIFC)
    FMPI_LIB     = (none)
    FMPI_INC     = (none)
    FFLAGS       = -O3
    FLINKFLAGS   = $(FFLAGS)
    RAND         = randi8


 Please send feedbacks and/or the results of this run to:

 NPB Development Team 
 Internet: npb@nas.nasa.gov



 NAS Parallel Benchmarks 3.4 -- EP Benchmark

 Number of random numbers generated:    137438953472  (class D)
 Total number of processes:                      128

EP Benchmark Results:

CPU Time =   37.1873
N = 2^   36
No. Gaussian Pairs =   53972171957.
Sums =     1.982481200937991D+05   -1.020596636363627D+05
Counts:
  0   25154622775.
  1   24017899906.
  2    4508609839.
  3     284201296.
  4       6776403.
  5         61541.
  6           197.
  7             0.
  8             0.
  9             0.


 EP Benchmark Completed.
 Class           =                        D
 Size            =             137438953472
 Iterations      =                        0
 Time in seconds =                    37.19
 Total processes =                      128
 Active procs    =                      128
 Mop/s total     =                  3695.86
 Mop/s/process   =                    28.87
 Operation type  = Random numbers generated
 Verification    =               SUCCESSFUL
 Version         =                      3.4
 Compile date    =              02 Nov 2019

 Compile options:
    MPIFC        = mpifort
    FLINK        = $(MPIFC)
    FMPI_LIB     = (none)
    FMPI_INC     = (none)
    FFLAGS       = -O3
    FLINKFLAGS   = $(FFLAGS)
    RAND         = randi8


 Please send feedbacks and/or the results of this run to:

 NPB Development Team 
 Internet: npb@nas.nasa.gov



 NAS Parallel Benchmarks 3.4 -- EP Benchmark

 Number of random numbers generated:    137438953472  (class D)
 Total number of processes:                      128

EP Benchmark Results:

CPU Time =   37.2900
N = 2^   36
No. Gaussian Pairs =   53972171957.
Sums =     1.982481200937991D+05   -1.020596636363627D+05
Counts:
  0   25154622775.
  1   24017899906.
  2    4508609839.
  3     284201296.
  4       6776403.
  5         61541.
  6           197.
  7             0.
  8             0.
  9             0.


 EP Benchmark Completed.
 Class           =                        D
 Size            =             137438953472
 Iterations      =                        0
 Time in seconds =                    37.29
 Total processes =                      128
 Active procs    =                      128
 Mop/s total     =                  3685.68
 Mop/s/process   =                    28.79
 Operation type  = Random numbers generated
 Verification    =               SUCCESSFUL
 Version         =                      3.4
 Compile date    =              02 Nov 2019

 Compile options:
    MPIFC        = mpifort
    FLINK        = $(MPIFC)
    FMPI_LIB     = (none)
    FMPI_INC     = (none)
    FFLAGS       = -O3
    FLINKFLAGS   = $(FFLAGS)
    RAND         = randi8


 Please send feedbacks and/or the results of this run to:

 NPB Development Team 
 Internet: npb@nas.nasa.gov



 NAS Parallel Benchmarks 3.4 -- EP Benchmark

 Number of random numbers generated:    137438953472  (class D)
 Total number of processes:                      128

EP Benchmark Results:

CPU Time =   37.4185
N = 2^   36
No. Gaussian Pairs =   53972171957.
Sums =     1.982481200937991D+05   -1.020596636363627D+05
Counts:
  0   25154622775.
  1   24017899906.
  2    4508609839.
  3     284201296.
  4       6776403.
  5         61541.
  6           197.
  7             0.
  8             0.
  9             0.


 EP Benchmark Completed.
 Class           =                        D
 Size            =             137438953472
 Iterations      =                        0
 Time in seconds =                    37.42
 Total processes =                      128
 Active procs    =                      128
 Mop/s total     =                  3673.02
 Mop/s/process   =                    28.70
 Operation type  = Random numbers generated
 Verification    =               SUCCESSFUL
 Version         =                      3.4
 Compile date    =              02 Nov 2019

 Compile options:
    MPIFC        = mpifort
    FLINK        = $(MPIFC)
    FMPI_LIB     = (none)
    FMPI_INC     = (none)
    FFLAGS       = -O3
    FLINKFLAGS   = $(FFLAGS)
    RAND         = randi8


 Please send feedbacks and/or the results of this run to:

 NPB Development Team 
 Internet: npb@nas.nasa.gov



 NAS Parallel Benchmarks 3.4 -- EP Benchmark

 Number of random numbers generated:    137438953472  (class D)
 Total number of processes:                      128

EP Benchmark Results:

CPU Time =   37.1997
N = 2^   36
No. Gaussian Pairs =   53972171957.
Sums =     1.982481200937991D+05   -1.020596636363627D+05
Counts:
  0   25154622775.
  1   24017899906.
  2    4508609839.
  3     284201296.
  4       6776403.
  5         61541.
  6           197.
  7             0.
  8             0.
  9             0.


 EP Benchmark Completed.
 Class           =                        D
 Size            =             137438953472
 Iterations      =                        0
 Time in seconds =                    37.20
 Total processes =                      128
 Active procs    =                      128
 Mop/s total     =                  3694.62
 Mop/s/process   =                    28.86
 Operation type  = Random numbers generated
 Verification    =               SUCCESSFUL
 Version         =                      3.4
 Compile date    =              02 Nov 2019

 Compile options:
    MPIFC        = mpifort
    FLINK        = $(MPIFC)
    FMPI_LIB     = (none)
    FMPI_INC     = (none)
    FFLAGS       = -O3
    FLINKFLAGS   = $(FFLAGS)
    RAND         = randi8


 Please send feedbacks and/or the results of this run to:

 NPB Development Team 
 Internet: npb@nas.nasa.gov



 NAS Parallel Benchmarks 3.4 -- EP Benchmark

 Number of random numbers generated:    137438953472  (class D)
 Total number of processes:                      128

EP Benchmark Results:

CPU Time =   37.1925
N = 2^   36
No. Gaussian Pairs =   53972171957.
Sums =     1.982481200937991D+05   -1.020596636363627D+05
Counts:
  0   25154622775.
  1   24017899906.
  2    4508609839.
  3     284201296.
  4       6776403.
  5         61541.
  6           197.
  7             0.
  8             0.
  9             0.


 EP Benchmark Completed.
 Class           =                        D
 Size            =             137438953472
 Iterations      =                        0
 Time in seconds =                    37.19
 Total processes =                      128
 Active procs    =                      128
 Mop/s total     =                  3695.34
 Mop/s/process   =                    28.87
 Operation type  = Random numbers generated
 Verification    =               SUCCESSFUL
 Version         =                      3.4
 Compile date    =              02 Nov 2019

 Compile options:
    MPIFC        = mpifort
    FLINK        = $(MPIFC)
    FMPI_LIB     = (none)
    FMPI_INC     = (none)
    FFLAGS       = -O3
    FLINKFLAGS   = $(FFLAGS)
    RAND         = randi8


 Please send feedbacks and/or the results of this run to:

 NPB Development Team 
 Internet: npb@nas.nasa.gov



 NAS Parallel Benchmarks 3.4 -- EP Benchmark

 Number of random numbers generated:    137438953472  (class D)
 Total number of processes:                      128

EP Benchmark Results:

CPU Time =   37.1375
N = 2^   36
No. Gaussian Pairs =   53972171957.
Sums =     1.982481200937991D+05   -1.020596636363627D+05
Counts:
  0   25154622775.
  1   24017899906.
  2    4508609839.
  3     284201296.
  4       6776403.
  5         61541.
  6           197.
  7             0.
  8             0.
  9             0.


 EP Benchmark Completed.
 Class           =                        D
 Size            =             137438953472
 Iterations      =                        0
 Time in seconds =                    37.14
 Total processes =                      128
 Active procs    =                      128
 Mop/s total     =                  3700.82
 Mop/s/process   =                    28.91
 Operation type  = Random numbers generated
 Verification    =               SUCCESSFUL
 Version         =                      3.4
 Compile date    =              02 Nov 2019

 Compile options:
    MPIFC        = mpifort
    FLINK        = $(MPIFC)
    FMPI_LIB     = (none)
    FMPI_INC     = (none)
    FFLAGS       = -O3
    FLINKFLAGS   = $(FFLAGS)
    RAND         = randi8


 Please send feedbacks and/or the results of this run to:

 NPB Development Team 
 Internet: npb@nas.nasa.gov



 NAS Parallel Benchmarks 3.4 -- EP Benchmark

 Number of random numbers generated:    137438953472  (class D)
 Total number of processes:                      128

EP Benchmark Results:

CPU Time =   37.2494
N = 2^   36
No. Gaussian Pairs =   53972171957.
Sums =     1.982481200937991D+05   -1.020596636363627D+05
Counts:
  0   25154622775.
  1   24017899906.
  2    4508609839.
  3     284201296.
  4       6776403.
  5         61541.
  6           197.
  7             0.
  8             0.
  9             0.


 EP Benchmark Completed.
 Class           =                        D
 Size            =             137438953472
 Iterations      =                        0
 Time in seconds =                    37.25
 Total processes =                      128
 Active procs    =                      128
 Mop/s total     =                  3689.69
 Mop/s/process   =                    28.83
 Operation type  = Random numbers generated
 Verification    =               SUCCESSFUL
 Version         =                      3.4
 Compile date    =              02 Nov 2019

 Compile options:
    MPIFC        = mpifort
    FLINK        = $(MPIFC)
    FMPI_LIB     = (none)
    FMPI_INC     = (none)
    FFLAGS       = -O3
    FLINKFLAGS   = $(FFLAGS)
    RAND         = randi8


 Please send feedbacks and/or the results of this run to:

 NPB Development Team 
 Internet: npb@nas.nasa.gov



 NAS Parallel Benchmarks 3.4 -- EP Benchmark

 Number of random numbers generated:    137438953472  (class D)
 Total number of processes:                      128

EP Benchmark Results:

CPU Time =   38.0608
N = 2^   36
No. Gaussian Pairs =   53972171957.
Sums =     1.982481200937991D+05   -1.020596636363627D+05
Counts:
  0   25154622775.
  1   24017899906.
  2    4508609839.
  3     284201296.
  4       6776403.
  5         61541.
  6           197.
  7             0.
  8             0.
  9             0.


 EP Benchmark Completed.
 Class           =                        D
 Size            =             137438953472
 Iterations      =                        0
 Time in seconds =                    38.06
 Total processes =                      128
 Active procs    =                      128
 Mop/s total     =                  3611.04
 Mop/s/process   =                    28.21
 Operation type  = Random numbers generated
 Verification    =               SUCCESSFUL
 Version         =                      3.4
 Compile date    =              02 Nov 2019

 Compile options:
    MPIFC        = mpifort
    FLINK        = $(MPIFC)
    FMPI_LIB     = (none)
    FMPI_INC     = (none)
    FFLAGS       = -O3
    FLINKFLAGS   = $(FFLAGS)
    RAND         = randi8


 Please send feedbacks and/or the results of this run to:

 NPB Development Team 
 Internet: npb@nas.nasa.gov



 NAS Parallel Benchmarks 3.4 -- EP Benchmark

 Number of random numbers generated:    137438953472  (class D)
 Total number of processes:                      128

EP Benchmark Results:

CPU Time =   37.3520
N = 2^   36
No. Gaussian Pairs =   53972171957.
Sums =     1.982481200937991D+05   -1.020596636363627D+05
Counts:
  0   25154622775.
  1   24017899906.
  2    4508609839.
  3     284201296.
  4       6776403.
  5         61541.
  6           197.
  7             0.
  8             0.
  9             0.


 EP Benchmark Completed.
 Class           =                        D
 Size            =             137438953472
 Iterations      =                        0
 Time in seconds =                    37.35
 Total processes =                      128
 Active procs    =                      128
 Mop/s total     =                  3679.56
 Mop/s/process   =                    28.75
 Operation type  = Random numbers generated
 Verification    =               SUCCESSFUL
 Version         =                      3.4
 Compile date    =              02 Nov 2019

 Compile options:
    MPIFC        = mpifort
    FLINK        = $(MPIFC)
    FMPI_LIB     = (none)
    FMPI_INC     = (none)
    FFLAGS       = -O3
    FLINKFLAGS   = $(FFLAGS)
    RAND         = randi8


 Please send feedbacks and/or the results of this run to:

 NPB Development Team 
 Internet: npb@nas.nasa.gov



 NAS Parallel Benchmarks 3.4 -- EP Benchmark

 Number of random numbers generated:    137438953472  (class D)
 Total number of processes:                      128

EP Benchmark Results:

CPU Time =   37.0734
N = 2^   36
No. Gaussian Pairs =   53972171957.
Sums =     1.982481200937991D+05   -1.020596636363627D+05
Counts:
  0   25154622775.
  1   24017899906.
  2    4508609839.
  3     284201296.
  4       6776403.
  5         61541.
  6           197.
  7             0.
  8             0.
  9             0.


 EP Benchmark Completed.
 Class           =                        D
 Size            =             137438953472
 Iterations      =                        0
 Time in seconds =                    37.07
 Total processes =                      128
 Active procs    =                      128
 Mop/s total     =                  3707.21
 Mop/s/process   =                    28.96
 Operation type  = Random numbers generated
 Verification    =               SUCCESSFUL
 Version         =                      3.4
 Compile date    =              02 Nov 2019

 Compile options:
    MPIFC        = mpifort
    FLINK        = $(MPIFC)
    FMPI_LIB     = (none)
    FMPI_INC     = (none)
    FFLAGS       = -O3
    FLINKFLAGS   = $(FFLAGS)
    RAND         = randi8


 Please send feedbacks and/or the results of this run to:

 NPB Development Team 
 Internet: npb@nas.nasa.gov



 NAS Parallel Benchmarks 3.4 -- EP Benchmark

 Number of random numbers generated:    137438953472  (class D)
 Total number of processes:                      128

EP Benchmark Results:

CPU Time =   37.1750
N = 2^   36
No. Gaussian Pairs =   53972171957.
Sums =     1.982481200937991D+05   -1.020596636363627D+05
Counts:
  0   25154622775.
  1   24017899906.
  2    4508609839.
  3     284201296.
  4       6776403.
  5         61541.
  6           197.
  7             0.
  8             0.
  9             0.


 EP Benchmark Completed.
 Class           =                        D
 Size            =             137438953472
 Iterations      =                        0
 Time in seconds =                    37.17
 Total processes =                      128
 Active procs    =                      128
 Mop/s total     =                  3697.08
 Mop/s/process   =                    28.88
 Operation type  = Random numbers generated
 Verification    =               SUCCESSFUL
 Version         =                      3.4
 Compile date    =              02 Nov 2019

 Compile options:
    MPIFC        = mpifort
    FLINK        = $(MPIFC)
    FMPI_LIB     = (none)
    FMPI_INC     = (none)
    FFLAGS       = -O3
    FLINKFLAGS   = $(FFLAGS)
    RAND         = randi8


 Please send feedbacks and/or the results of this run to:

 NPB Development Team 
 Internet: npb@nas.nasa.gov



 NAS Parallel Benchmarks 3.4 -- EP Benchmark

 Number of random numbers generated:    137438953472  (class D)
 Total number of processes:                      128

EP Benchmark Results:

CPU Time =   37.1065
N = 2^   36
No. Gaussian Pairs =   53972171957.
Sums =     1.982481200937991D+05   -1.020596636363627D+05
Counts:
  0   25154622775.
  1   24017899906.
  2    4508609839.
  3     284201296.
  4       6776403.
  5         61541.
  6           197.
  7             0.
  8             0.
  9             0.


 EP Benchmark Completed.
 Class           =                        D
 Size            =             137438953472
 Iterations      =                        0
 Time in seconds =                    37.11
 Total processes =                      128
 Active procs    =                      128
 Mop/s total     =                  3703.90
 Mop/s/process   =                    28.94
 Operation type  = Random numbers generated
 Verification    =               SUCCESSFUL
 Version         =                      3.4
 Compile date    =              02 Nov 2019

 Compile options:
    MPIFC        = mpifort
    FLINK        = $(MPIFC)
    FMPI_LIB     = (none)
    FMPI_INC     = (none)
    FFLAGS       = -O3
    FLINKFLAGS   = $(FFLAGS)
    RAND         = randi8


 Please send feedbacks and/or the results of this run to:

 NPB Development Team 
 Internet: npb@nas.nasa.gov



 NAS Parallel Benchmarks 3.4 -- EP Benchmark

 Number of random numbers generated:    137438953472  (class D)
 Total number of processes:                      128

EP Benchmark Results:

CPU Time =   37.5744
N = 2^   36
No. Gaussian Pairs =   53972171957.
Sums =     1.982481200937991D+05   -1.020596636363627D+05
Counts:
  0   25154622775.
  1   24017899906.
  2    4508609839.
  3     284201296.
  4       6776403.
  5         61541.
  6           197.
  7             0.
  8             0.
  9             0.


 EP Benchmark Completed.
 Class           =                        D
 Size            =             137438953472
 Iterations      =                        0
 Time in seconds =                    37.57
 Total processes =                      128
 Active procs    =                      128
 Mop/s total     =                  3657.78
 Mop/s/process   =                    28.58
 Operation type  = Random numbers generated
 Verification    =               SUCCESSFUL
 Version         =                      3.4
 Compile date    =              02 Nov 2019

 Compile options:
    MPIFC        = mpifort
    FLINK        = $(MPIFC)
    FMPI_LIB     = (none)
    FMPI_INC     = (none)
    FFLAGS       = -O3
    FLINKFLAGS   = $(FFLAGS)
    RAND         = randi8


 Please send feedbacks and/or the results of this run to:

 NPB Development Team 
 Internet: npb@nas.nasa.gov



 NAS Parallel Benchmarks 3.4 -- EP Benchmark

 Number of random numbers generated:    137438953472  (class D)
 Total number of processes:                      128

EP Benchmark Results:

CPU Time =   37.3349
N = 2^   36
No. Gaussian Pairs =   53972171957.
Sums =     1.982481200937991D+05   -1.020596636363627D+05
Counts:
  0   25154622775.
  1   24017899906.
  2    4508609839.
  3     284201296.
  4       6776403.
  5         61541.
  6           197.
  7             0.
  8             0.
  9             0.


 EP Benchmark Completed.
 Class           =                        D
 Size            =             137438953472
 Iterations      =                        0
 Time in seconds =                    37.33
 Total processes =                      128
 Active procs    =                      128
 Mop/s total     =                  3681.25
 Mop/s/process   =                    28.76
 Operation type  = Random numbers generated
 Verification    =               SUCCESSFUL
 Version         =                      3.4
 Compile date    =              02 Nov 2019

 Compile options:
    MPIFC        = mpifort
    FLINK        = $(MPIFC)
    FMPI_LIB     = (none)
    FMPI_INC     = (none)
    FFLAGS       = -O3
    FLINKFLAGS   = $(FFLAGS)
    RAND         = randi8


 Please send feedbacks and/or the results of this run to:

 NPB Development Team 
 Internet: npb@nas.nasa.gov



 NAS Parallel Benchmarks 3.4 -- EP Benchmark

 Number of random numbers generated:    137438953472  (class D)
 Total number of processes:                      128

EP Benchmark Results:

CPU Time =   37.2416
N = 2^   36
No. Gaussian Pairs =   53972171957.
Sums =     1.982481200937991D+05   -1.020596636363627D+05
Counts:
  0   25154622775.
  1   24017899906.
  2    4508609839.
  3     284201296.
  4       6776403.
  5         61541.
  6           197.
  7             0.
  8             0.
  9             0.


 EP Benchmark Completed.
 Class           =                        D
 Size            =             137438953472
 Iterations      =                        0
 Time in seconds =                    37.24
 Total processes =                      128
 Active procs    =                      128
 Mop/s total     =                  3690.47
 Mop/s/process   =                    28.83
 Operation type  = Random numbers generated
 Verification    =               SUCCESSFUL
 Version         =                      3.4
 Compile date    =              02 Nov 2019

 Compile options:
    MPIFC        = mpifort
    FLINK        = $(MPIFC)
    FMPI_LIB     = (none)
    FMPI_INC     = (none)
    FFLAGS       = -O3
    FLINKFLAGS   = $(FFLAGS)
    RAND         = randi8


 Please send feedbacks and/or the results of this run to:

 NPB Development Team 
 Internet: npb@nas.nasa.gov



 NAS Parallel Benchmarks 3.4 -- EP Benchmark

 Number of random numbers generated:    137438953472  (class D)
 Total number of processes:                      128

EP Benchmark Results:

CPU Time =   37.1933
N = 2^   36
No. Gaussian Pairs =   53972171957.
Sums =     1.982481200937991D+05   -1.020596636363627D+05
Counts:
  0   25154622775.
  1   24017899906.
  2    4508609839.
  3     284201296.
  4       6776403.
  5         61541.
  6           197.
  7             0.
  8             0.
  9             0.


 EP Benchmark Completed.
 Class           =                        D
 Size            =             137438953472
 Iterations      =                        0
 Time in seconds =                    37.19
 Total processes =                      128
 Active procs    =                      128
 Mop/s total     =                  3695.26
 Mop/s/process   =                    28.87
 Operation type  = Random numbers generated
 Verification    =               SUCCESSFUL
 Version         =                      3.4
 Compile date    =              02 Nov 2019

 Compile options:
    MPIFC        = mpifort
    FLINK        = $(MPIFC)
    FMPI_LIB     = (none)
    FMPI_INC     = (none)
    FFLAGS       = -O3
    FLINKFLAGS   = $(FFLAGS)
    RAND         = randi8


 Please send feedbacks and/or the results of this run to:

 NPB Development Team 
 Internet: npb@nas.nasa.gov



 NAS Parallel Benchmarks 3.4 -- EP Benchmark

 Number of random numbers generated:    137438953472  (class D)
 Total number of processes:                      128

EP Benchmark Results:

CPU Time =   37.1957
N = 2^   36
No. Gaussian Pairs =   53972171957.
Sums =     1.982481200937991D+05   -1.020596636363627D+05
Counts:
  0   25154622775.
  1   24017899906.
  2    4508609839.
  3     284201296.
  4       6776403.
  5         61541.
  6           197.
  7             0.
  8             0.
  9             0.


 EP Benchmark Completed.
 Class           =                        D
 Size            =             137438953472
 Iterations      =                        0
 Time in seconds =                    37.20
 Total processes =                      128
 Active procs    =                      128
 Mop/s total     =                  3695.03
 Mop/s/process   =                    28.87
 Operation type  = Random numbers generated
 Verification    =               SUCCESSFUL
 Version         =                      3.4
 Compile date    =              02 Nov 2019

 Compile options:
    MPIFC        = mpifort
    FLINK        = $(MPIFC)
    FMPI_LIB     = (none)
    FMPI_INC     = (none)
    FFLAGS       = -O3
    FLINKFLAGS   = $(FFLAGS)
    RAND         = randi8


 Please send feedbacks and/or the results of this run to:

 NPB Development Team 
 Internet: npb@nas.nasa.gov



 NAS Parallel Benchmarks 3.4 -- EP Benchmark

 Number of random numbers generated:    137438953472  (class D)
 Total number of processes:                      128

EP Benchmark Results:

CPU Time =   37.2512
N = 2^   36
No. Gaussian Pairs =   53972171957.
Sums =     1.982481200937991D+05   -1.020596636363627D+05
Counts:
  0   25154622775.
  1   24017899906.
  2    4508609839.
  3     284201296.
  4       6776403.
  5         61541.
  6           197.
  7             0.
  8             0.
  9             0.


 EP Benchmark Completed.
 Class           =                        D
 Size            =             137438953472
 Iterations      =                        0
 Time in seconds =                    37.25
 Total processes =                      128
 Active procs    =                      128
 Mop/s total     =                  3689.52
 Mop/s/process   =                    28.82
 Operation type  = Random numbers generated
 Verification    =               SUCCESSFUL
 Version         =                      3.4
 Compile date    =              02 Nov 2019

 Compile options:
    MPIFC        = mpifort
    FLINK        = $(MPIFC)
    FMPI_LIB     = (none)
    FMPI_INC     = (none)
    FFLAGS       = -O3
    FLINKFLAGS   = $(FFLAGS)
    RAND         = randi8


 Please send feedbacks and/or the results of this run to:

 NPB Development Team 
 Internet: npb@nas.nasa.gov



 NAS Parallel Benchmarks 3.4 -- EP Benchmark

 Number of random numbers generated:    137438953472  (class D)
 Total number of processes:                      128

EP Benchmark Results:

CPU Time =   37.5169
N = 2^   36
No. Gaussian Pairs =   53972171957.
Sums =     1.982481200937991D+05   -1.020596636363627D+05
Counts:
  0   25154622775.
  1   24017899906.
  2    4508609839.
  3     284201296.
  4       6776403.
  5         61541.
  6           197.
  7             0.
  8             0.
  9             0.


 EP Benchmark Completed.
 Class           =                        D
 Size            =             137438953472
 Iterations      =                        0
 Time in seconds =                    37.52
 Total processes =                      128
 Active procs    =                      128
 Mop/s total     =                  3663.39
 Mop/s/process   =                    28.62
 Operation type  = Random numbers generated
 Verification    =               SUCCESSFUL
 Version         =                      3.4
 Compile date    =              02 Nov 2019

 Compile options:
    MPIFC        = mpifort
    FLINK        = $(MPIFC)
    FMPI_LIB     = (none)
    FMPI_INC     = (none)
    FFLAGS       = -O3
    FLINKFLAGS   = $(FFLAGS)
    RAND         = randi8


 Please send feedbacks and/or the results of this run to:

 NPB Development Team 
 Internet: npb@nas.nasa.gov



 NAS Parallel Benchmarks 3.4 -- EP Benchmark

 Number of random numbers generated:    137438953472  (class D)
 Total number of processes:                      128

EP Benchmark Results:

CPU Time =   37.2161
N = 2^   36
No. Gaussian Pairs =   53972171957.
Sums =     1.982481200937991D+05   -1.020596636363627D+05
Counts:
  0   25154622775.
  1   24017899906.
  2    4508609839.
  3     284201296.
  4       6776403.
  5         61541.
  6           197.
  7             0.
  8             0.
  9             0.


 EP Benchmark Completed.
 Class           =                        D
 Size            =             137438953472
 Iterations      =                        0
 Time in seconds =                    37.22
 Total processes =                      128
 Active procs    =                      128
 Mop/s total     =                  3693.00
 Mop/s/process   =                    28.85
 Operation type  = Random numbers generated
 Verification    =               SUCCESSFUL
 Version         =                      3.4
 Compile date    =              02 Nov 2019

 Compile options:
    MPIFC        = mpifort
    FLINK        = $(MPIFC)
    FMPI_LIB     = (none)
    FMPI_INC     = (none)
    FFLAGS       = -O3
    FLINKFLAGS   = $(FFLAGS)
    RAND         = randi8


 Please send feedbacks and/or the results of this run to:

 NPB Development Team 
 Internet: npb@nas.nasa.gov


