

 NAS Parallel Benchmarks 3.4 -- LU Benchmark

 Size:  408x 408x 408  (class D)
 Iterations:  300
 Total number of processes:   128

 Time step    1
 Time step   20
 Time step   40
 Time step   60
 Time step   80
 Time step  100
 Time step  120
 Time step  140
 Time step  160
 Time step  180
 Time step  200
 Time step  220
 Time step  240
 Time step  260
 Time step  280
 Time step  300

 Verification being performed for class D
 Accuracy setting for epsilon =  0.1000000000000E-07
 Comparison of RMS-norms of residual
           1   0.4868417937025E+05 0.4868417937025E+05 0.1120891484919E-13
           2   0.4696371050071E+04 0.4696371050071E+04 0.8617827211136E-13
           3   0.1218114549776E+05 0.1218114549776E+05 0.2991045280571E-12
           4   0.1033801493461E+05 0.1033801493461E+05 0.1912592982464E-12
           5   0.7142398413817E+05 0.7142398413817E+05 0.3626570180737E-13
 Comparison of RMS-norms of solution error
           1   0.3752393004482E+03 0.3752393004482E+03 0.5332299525957E-13
           2   0.3084128893659E+02 0.3084128893659E+02 0.1594276990683E-12
           3   0.9434276905469E+02 0.9434276905469E+02 0.2907159698105E-13
           4   0.8230686681928E+02 0.8230686681928E+02 0.3625796492466E-13
           5   0.7002620636210E+03 0.7002620636210E+03 0.1753369075921E-13
 Comparison of surface integral
               0.8334101392503E+02 0.8334101392503E+02 0.2966953009078E-13
 Verification Successful


 LU Benchmark Completed.
 Class           =                        D
 Size            =            408x 408x 408
 Iterations      =                      300
 Time in seconds =                   307.46
 Total processes =                      128
 Active procs    =                      128
 Mop/s total     =                129764.36
 Mop/s/process   =                  1013.78
 Operation type  =           floating point
 Verification    =               SUCCESSFUL
 Version         =                      3.4
 Compile date    =              02 Nov 2019

 Compile options:
    MPIFC        = mpifort
    FLINK        = $(MPIFC)
    FMPI_LIB     = (none)
    FMPI_INC     = (none)
    FFLAGS       = -O3
    FLINKFLAGS   = $(FFLAGS)
    RAND         = (none)


 Please send feedbacks and/or the results of this run to:

 NPB Development Team 
 Internet: npb@nas.nasa.gov




 NAS Parallel Benchmarks 3.4 -- LU Benchmark

 Size:  408x 408x 408  (class D)
 Iterations:  300
 Total number of processes:   128

 Time step    1
 Time step   20
 Time step   40
 Time step   60
 Time step   80
 Time step  100
 Time step  120
 Time step  140
 Time step  160
 Time step  180
 Time step  200
 Time step  220
 Time step  240
 Time step  260
 Time step  280
 Time step  300

 Verification being performed for class D
 Accuracy setting for epsilon =  0.1000000000000E-07
 Comparison of RMS-norms of residual
           1   0.4868417937025E+05 0.4868417937025E+05 0.1120891484919E-13
           2   0.4696371050071E+04 0.4696371050071E+04 0.8617827211136E-13
           3   0.1218114549776E+05 0.1218114549776E+05 0.2991045280571E-12
           4   0.1033801493461E+05 0.1033801493461E+05 0.1912592982464E-12
           5   0.7142398413817E+05 0.7142398413817E+05 0.3626570180737E-13
 Comparison of RMS-norms of solution error
           1   0.3752393004482E+03 0.3752393004482E+03 0.5332299525957E-13
           2   0.3084128893659E+02 0.3084128893659E+02 0.1594276990683E-12
           3   0.9434276905469E+02 0.9434276905469E+02 0.2907159698105E-13
           4   0.8230686681928E+02 0.8230686681928E+02 0.3625796492466E-13
           5   0.7002620636210E+03 0.7002620636210E+03 0.1753369075921E-13
 Comparison of surface integral
               0.8334101392503E+02 0.8334101392503E+02 0.2966953009078E-13
 Verification Successful


 LU Benchmark Completed.
 Class           =                        D
 Size            =            408x 408x 408
 Iterations      =                      300
 Time in seconds =                   305.31
 Total processes =                      128
 Active procs    =                      128
 Mop/s total     =                130680.10
 Mop/s/process   =                  1020.94
 Operation type  =           floating point
 Verification    =               SUCCESSFUL
 Version         =                      3.4
 Compile date    =              02 Nov 2019

 Compile options:
    MPIFC        = mpifort
    FLINK        = $(MPIFC)
    FMPI_LIB     = (none)
    FMPI_INC     = (none)
    FFLAGS       = -O3
    FLINKFLAGS   = $(FFLAGS)
    RAND         = (none)


 Please send feedbacks and/or the results of this run to:

 NPB Development Team 
 Internet: npb@nas.nasa.gov




 NAS Parallel Benchmarks 3.4 -- LU Benchmark

 Size:  408x 408x 408  (class D)
 Iterations:  300
 Total number of processes:   128

 Time step    1
 Time step   20
 Time step   40
 Time step   60
 Time step   80
 Time step  100
 Time step  120
 Time step  140
 Time step  160
 Time step  180
 Time step  200
 Time step  220
 Time step  240
 Time step  260
 Time step  280
 Time step  300

 Verification being performed for class D
 Accuracy setting for epsilon =  0.1000000000000E-07
 Comparison of RMS-norms of residual
           1   0.4868417937025E+05 0.4868417937025E+05 0.1120891484919E-13
           2   0.4696371050071E+04 0.4696371050071E+04 0.8617827211136E-13
           3   0.1218114549776E+05 0.1218114549776E+05 0.2991045280571E-12
           4   0.1033801493461E+05 0.1033801493461E+05 0.1912592982464E-12
           5   0.7142398413817E+05 0.7142398413817E+05 0.3626570180737E-13
 Comparison of RMS-norms of solution error
           1   0.3752393004482E+03 0.3752393004482E+03 0.5332299525957E-13
           2   0.3084128893659E+02 0.3084128893659E+02 0.1594276990683E-12
           3   0.9434276905469E+02 0.9434276905469E+02 0.2907159698105E-13
           4   0.8230686681928E+02 0.8230686681928E+02 0.3625796492466E-13
           5   0.7002620636210E+03 0.7002620636210E+03 0.1753369075921E-13
 Comparison of surface integral
               0.8334101392503E+02 0.8334101392503E+02 0.2966953009078E-13
 Verification Successful


 LU Benchmark Completed.
 Class           =                        D
 Size            =            408x 408x 408
 Iterations      =                      300
 Time in seconds =                   305.42
 Total processes =                      128
 Active procs    =                      128
 Mop/s total     =                130633.09
 Mop/s/process   =                  1020.57
 Operation type  =           floating point
 Verification    =               SUCCESSFUL
 Version         =                      3.4
 Compile date    =              02 Nov 2019

 Compile options:
    MPIFC        = mpifort
    FLINK        = $(MPIFC)
    FMPI_LIB     = (none)
    FMPI_INC     = (none)
    FFLAGS       = -O3
    FLINKFLAGS   = $(FFLAGS)
    RAND         = (none)


 Please send feedbacks and/or the results of this run to:

 NPB Development Team 
 Internet: npb@nas.nasa.gov




 NAS Parallel Benchmarks 3.4 -- LU Benchmark

 Size:  408x 408x 408  (class D)
 Iterations:  300
 Total number of processes:   128

 Time step    1
 Time step   20
 Time step   40
 Time step   60
 Time step   80
 Time step  100
 Time step  120
 Time step  140
 Time step  160
 Time step  180
 Time step  200
 Time step  220
 Time step  240
 Time step  260
 Time step  280
 Time step  300

 Verification being performed for class D
 Accuracy setting for epsilon =  0.1000000000000E-07
 Comparison of RMS-norms of residual
           1   0.4868417937025E+05 0.4868417937025E+05 0.1120891484919E-13
           2   0.4696371050071E+04 0.4696371050071E+04 0.8617827211136E-13
           3   0.1218114549776E+05 0.1218114549776E+05 0.2991045280571E-12
           4   0.1033801493461E+05 0.1033801493461E+05 0.1912592982464E-12
           5   0.7142398413817E+05 0.7142398413817E+05 0.3626570180737E-13
 Comparison of RMS-norms of solution error
           1   0.3752393004482E+03 0.3752393004482E+03 0.5332299525957E-13
           2   0.3084128893659E+02 0.3084128893659E+02 0.1594276990683E-12
           3   0.9434276905469E+02 0.9434276905469E+02 0.2907159698105E-13
           4   0.8230686681928E+02 0.8230686681928E+02 0.3625796492466E-13
           5   0.7002620636210E+03 0.7002620636210E+03 0.1753369075921E-13
 Comparison of surface integral
               0.8334101392503E+02 0.8334101392503E+02 0.2966953009078E-13
 Verification Successful


 LU Benchmark Completed.
 Class           =                        D
 Size            =            408x 408x 408
 Iterations      =                      300
 Time in seconds =                   304.06
 Total processes =                      128
 Active procs    =                      128
 Mop/s total     =                131216.84
 Mop/s/process   =                  1025.13
 Operation type  =           floating point
 Verification    =               SUCCESSFUL
 Version         =                      3.4
 Compile date    =              02 Nov 2019

 Compile options:
    MPIFC        = mpifort
    FLINK        = $(MPIFC)
    FMPI_LIB     = (none)
    FMPI_INC     = (none)
    FFLAGS       = -O3
    FLINKFLAGS   = $(FFLAGS)
    RAND         = (none)


 Please send feedbacks and/or the results of this run to:

 NPB Development Team 
 Internet: npb@nas.nasa.gov




 NAS Parallel Benchmarks 3.4 -- LU Benchmark

 Size:  408x 408x 408  (class D)
 Iterations:  300
 Total number of processes:   128

 Time step    1
 Time step   20
 Time step   40
 Time step   60
 Time step   80
 Time step  100
 Time step  120
 Time step  140
 Time step  160
 Time step  180
 Time step  200
 Time step  220
 Time step  240
 Time step  260
 Time step  280
 Time step  300

 Verification being performed for class D
 Accuracy setting for epsilon =  0.1000000000000E-07
 Comparison of RMS-norms of residual
           1   0.4868417937025E+05 0.4868417937025E+05 0.1120891484919E-13
           2   0.4696371050071E+04 0.4696371050071E+04 0.8617827211136E-13
           3   0.1218114549776E+05 0.1218114549776E+05 0.2991045280571E-12
           4   0.1033801493461E+05 0.1033801493461E+05 0.1912592982464E-12
           5   0.7142398413817E+05 0.7142398413817E+05 0.3626570180737E-13
 Comparison of RMS-norms of solution error
           1   0.3752393004482E+03 0.3752393004482E+03 0.5332299525957E-13
           2   0.3084128893659E+02 0.3084128893659E+02 0.1594276990683E-12
           3   0.9434276905469E+02 0.9434276905469E+02 0.2907159698105E-13
           4   0.8230686681928E+02 0.8230686681928E+02 0.3625796492466E-13
           5   0.7002620636210E+03 0.7002620636210E+03 0.1753369075921E-13
 Comparison of surface integral
               0.8334101392503E+02 0.8334101392503E+02 0.2966953009078E-13
 Verification Successful


 LU Benchmark Completed.
 Class           =                        D
 Size            =            408x 408x 408
 Iterations      =                      300
 Time in seconds =                   311.22
 Total processes =                      128
 Active procs    =                      128
 Mop/s total     =                128197.72
 Mop/s/process   =                  1001.54
 Operation type  =           floating point
 Verification    =               SUCCESSFUL
 Version         =                      3.4
 Compile date    =              02 Nov 2019

 Compile options:
    MPIFC        = mpifort
    FLINK        = $(MPIFC)
    FMPI_LIB     = (none)
    FMPI_INC     = (none)
    FFLAGS       = -O3
    FLINKFLAGS   = $(FFLAGS)
    RAND         = (none)


 Please send feedbacks and/or the results of this run to:

 NPB Development Team 
 Internet: npb@nas.nasa.gov




 NAS Parallel Benchmarks 3.4 -- LU Benchmark

 Size:  408x 408x 408  (class D)
 Iterations:  300
 Total number of processes:   128

 Time step    1
 Time step   20
 Time step   40
 Time step   60
 Time step   80
 Time step  100
 Time step  120
 Time step  140
 Time step  160
 Time step  180
 Time step  200
 Time step  220
 Time step  240
 Time step  260
 Time step  280
 Time step  300

 Verification being performed for class D
 Accuracy setting for epsilon =  0.1000000000000E-07
 Comparison of RMS-norms of residual
           1   0.4868417937025E+05 0.4868417937025E+05 0.1120891484919E-13
           2   0.4696371050071E+04 0.4696371050071E+04 0.8617827211136E-13
           3   0.1218114549776E+05 0.1218114549776E+05 0.2991045280571E-12
           4   0.1033801493461E+05 0.1033801493461E+05 0.1912592982464E-12
           5   0.7142398413817E+05 0.7142398413817E+05 0.3626570180737E-13
 Comparison of RMS-norms of solution error
           1   0.3752393004482E+03 0.3752393004482E+03 0.5332299525957E-13
           2   0.3084128893659E+02 0.3084128893659E+02 0.1594276990683E-12
           3   0.9434276905469E+02 0.9434276905469E+02 0.2907159698105E-13
           4   0.8230686681928E+02 0.8230686681928E+02 0.3625796492466E-13
           5   0.7002620636210E+03 0.7002620636210E+03 0.1753369075921E-13
 Comparison of surface integral
               0.8334101392503E+02 0.8334101392503E+02 0.2966953009078E-13
 Verification Successful


 LU Benchmark Completed.
 Class           =                        D
 Size            =            408x 408x 408
 Iterations      =                      300
 Time in seconds =                   302.59
 Total processes =                      128
 Active procs    =                      128
 Mop/s total     =                131856.44
 Mop/s/process   =                  1030.13
 Operation type  =           floating point
 Verification    =               SUCCESSFUL
 Version         =                      3.4
 Compile date    =              02 Nov 2019

 Compile options:
    MPIFC        = mpifort
    FLINK        = $(MPIFC)
    FMPI_LIB     = (none)
    FMPI_INC     = (none)
    FFLAGS       = -O3
    FLINKFLAGS   = $(FFLAGS)
    RAND         = (none)


 Please send feedbacks and/or the results of this run to:

 NPB Development Team 
 Internet: npb@nas.nasa.gov




 NAS Parallel Benchmarks 3.4 -- LU Benchmark

 Size:  408x 408x 408  (class D)
 Iterations:  300
 Total number of processes:   128

 Time step    1
 Time step   20
 Time step   40
 Time step   60
 Time step   80
 Time step  100
 Time step  120
 Time step  140
 Time step  160
 Time step  180
 Time step  200
 Time step  220
 Time step  240
 Time step  260
 Time step  280
 Time step  300

 Verification being performed for class D
 Accuracy setting for epsilon =  0.1000000000000E-07
 Comparison of RMS-norms of residual
           1   0.4868417937025E+05 0.4868417937025E+05 0.1120891484919E-13
           2   0.4696371050071E+04 0.4696371050071E+04 0.8617827211136E-13
           3   0.1218114549776E+05 0.1218114549776E+05 0.2991045280571E-12
           4   0.1033801493461E+05 0.1033801493461E+05 0.1912592982464E-12
           5   0.7142398413817E+05 0.7142398413817E+05 0.3626570180737E-13
 Comparison of RMS-norms of solution error
           1   0.3752393004482E+03 0.3752393004482E+03 0.5332299525957E-13
           2   0.3084128893659E+02 0.3084128893659E+02 0.1594276990683E-12
           3   0.9434276905469E+02 0.9434276905469E+02 0.2907159698105E-13
           4   0.8230686681928E+02 0.8230686681928E+02 0.3625796492466E-13
           5   0.7002620636210E+03 0.7002620636210E+03 0.1753369075921E-13
 Comparison of surface integral
               0.8334101392503E+02 0.8334101392503E+02 0.2966953009078E-13
 Verification Successful


 LU Benchmark Completed.
 Class           =                        D
 Size            =            408x 408x 408
 Iterations      =                      300
 Time in seconds =                   303.51
 Total processes =                      128
 Active procs    =                      128
 Mop/s total     =                131454.11
 Mop/s/process   =                  1026.99
 Operation type  =           floating point
 Verification    =               SUCCESSFUL
 Version         =                      3.4
 Compile date    =              02 Nov 2019

 Compile options:
    MPIFC        = mpifort
    FLINK        = $(MPIFC)
    FMPI_LIB     = (none)
    FMPI_INC     = (none)
    FFLAGS       = -O3
    FLINKFLAGS   = $(FFLAGS)
    RAND         = (none)


 Please send feedbacks and/or the results of this run to:

 NPB Development Team 
 Internet: npb@nas.nasa.gov




 NAS Parallel Benchmarks 3.4 -- LU Benchmark

 Size:  408x 408x 408  (class D)
 Iterations:  300
 Total number of processes:   128

 Time step    1
 Time step   20
 Time step   40
 Time step   60
 Time step   80
 Time step  100
 Time step  120
 Time step  140
 Time step  160
 Time step  180
 Time step  200
 Time step  220
 Time step  240
 Time step  260
 Time step  280
 Time step  300

 Verification being performed for class D
 Accuracy setting for epsilon =  0.1000000000000E-07
 Comparison of RMS-norms of residual
           1   0.4868417937025E+05 0.4868417937025E+05 0.1120891484919E-13
           2   0.4696371050071E+04 0.4696371050071E+04 0.8617827211136E-13
           3   0.1218114549776E+05 0.1218114549776E+05 0.2991045280571E-12
           4   0.1033801493461E+05 0.1033801493461E+05 0.1912592982464E-12
           5   0.7142398413817E+05 0.7142398413817E+05 0.3626570180737E-13
 Comparison of RMS-norms of solution error
           1   0.3752393004482E+03 0.3752393004482E+03 0.5332299525957E-13
           2   0.3084128893659E+02 0.3084128893659E+02 0.1594276990683E-12
           3   0.9434276905469E+02 0.9434276905469E+02 0.2907159698105E-13
           4   0.8230686681928E+02 0.8230686681928E+02 0.3625796492466E-13
           5   0.7002620636210E+03 0.7002620636210E+03 0.1753369075921E-13
 Comparison of surface integral
               0.8334101392503E+02 0.8334101392503E+02 0.2966953009078E-13
 Verification Successful


 LU Benchmark Completed.
 Class           =                        D
 Size            =            408x 408x 408
 Iterations      =                      300
 Time in seconds =                   306.27
 Total processes =                      128
 Active procs    =                      128
 Mop/s total     =                130270.24
 Mop/s/process   =                  1017.74
 Operation type  =           floating point
 Verification    =               SUCCESSFUL
 Version         =                      3.4
 Compile date    =              02 Nov 2019

 Compile options:
    MPIFC        = mpifort
    FLINK        = $(MPIFC)
    FMPI_LIB     = (none)
    FMPI_INC     = (none)
    FFLAGS       = -O3
    FLINKFLAGS   = $(FFLAGS)
    RAND         = (none)


 Please send feedbacks and/or the results of this run to:

 NPB Development Team 
 Internet: npb@nas.nasa.gov




 NAS Parallel Benchmarks 3.4 -- LU Benchmark

 Size:  408x 408x 408  (class D)
 Iterations:  300
 Total number of processes:   128

 Time step    1
 Time step   20
 Time step   40
 Time step   60
 Time step   80
 Time step  100
 Time step  120
 Time step  140
 Time step  160
 Time step  180
 Time step  200
 Time step  220
 Time step  240
 Time step  260
 Time step  280
 Time step  300

 Verification being performed for class D
 Accuracy setting for epsilon =  0.1000000000000E-07
 Comparison of RMS-norms of residual
           1   0.4868417937025E+05 0.4868417937025E+05 0.1120891484919E-13
           2   0.4696371050071E+04 0.4696371050071E+04 0.8617827211136E-13
           3   0.1218114549776E+05 0.1218114549776E+05 0.2991045280571E-12
           4   0.1033801493461E+05 0.1033801493461E+05 0.1912592982464E-12
           5   0.7142398413817E+05 0.7142398413817E+05 0.3626570180737E-13
 Comparison of RMS-norms of solution error
           1   0.3752393004482E+03 0.3752393004482E+03 0.5332299525957E-13
           2   0.3084128893659E+02 0.3084128893659E+02 0.1594276990683E-12
           3   0.9434276905469E+02 0.9434276905469E+02 0.2907159698105E-13
           4   0.8230686681928E+02 0.8230686681928E+02 0.3625796492466E-13
           5   0.7002620636210E+03 0.7002620636210E+03 0.1753369075921E-13
 Comparison of surface integral
               0.8334101392503E+02 0.8334101392503E+02 0.2966953009078E-13
 Verification Successful


 LU Benchmark Completed.
 Class           =                        D
 Size            =            408x 408x 408
 Iterations      =                      300
 Time in seconds =                   304.80
 Total processes =                      128
 Active procs    =                      128
 Mop/s total     =                130900.62
 Mop/s/process   =                  1022.66
 Operation type  =           floating point
 Verification    =               SUCCESSFUL
 Version         =                      3.4
 Compile date    =              02 Nov 2019

 Compile options:
    MPIFC        = mpifort
    FLINK        = $(MPIFC)
    FMPI_LIB     = (none)
    FMPI_INC     = (none)
    FFLAGS       = -O3
    FLINKFLAGS   = $(FFLAGS)
    RAND         = (none)


 Please send feedbacks and/or the results of this run to:

 NPB Development Team 
 Internet: npb@nas.nasa.gov




 NAS Parallel Benchmarks 3.4 -- LU Benchmark

 Size:  408x 408x 408  (class D)
 Iterations:  300
 Total number of processes:   128

 Time step    1
 Time step   20
 Time step   40
 Time step   60
 Time step   80
 Time step  100
 Time step  120
 Time step  140
 Time step  160
 Time step  180
 Time step  200
 Time step  220
 Time step  240
 Time step  260
 Time step  280
 Time step  300

 Verification being performed for class D
 Accuracy setting for epsilon =  0.1000000000000E-07
 Comparison of RMS-norms of residual
           1   0.4868417937025E+05 0.4868417937025E+05 0.1120891484919E-13
           2   0.4696371050071E+04 0.4696371050071E+04 0.8617827211136E-13
           3   0.1218114549776E+05 0.1218114549776E+05 0.2991045280571E-12
           4   0.1033801493461E+05 0.1033801493461E+05 0.1912592982464E-12
           5   0.7142398413817E+05 0.7142398413817E+05 0.3626570180737E-13
 Comparison of RMS-norms of solution error
           1   0.3752393004482E+03 0.3752393004482E+03 0.5332299525957E-13
           2   0.3084128893659E+02 0.3084128893659E+02 0.1594276990683E-12
           3   0.9434276905469E+02 0.9434276905469E+02 0.2907159698105E-13
           4   0.8230686681928E+02 0.8230686681928E+02 0.3625796492466E-13
           5   0.7002620636210E+03 0.7002620636210E+03 0.1753369075921E-13
 Comparison of surface integral
               0.8334101392503E+02 0.8334101392503E+02 0.2966953009078E-13
 Verification Successful


 LU Benchmark Completed.
 Class           =                        D
 Size            =            408x 408x 408
 Iterations      =                      300
 Time in seconds =                   306.39
 Total processes =                      128
 Active procs    =                      128
 Mop/s total     =                130220.67
 Mop/s/process   =                  1017.35
 Operation type  =           floating point
 Verification    =               SUCCESSFUL
 Version         =                      3.4
 Compile date    =              02 Nov 2019

 Compile options:
    MPIFC        = mpifort
    FLINK        = $(MPIFC)
    FMPI_LIB     = (none)
    FMPI_INC     = (none)
    FFLAGS       = -O3
    FLINKFLAGS   = $(FFLAGS)
    RAND         = (none)


 Please send feedbacks and/or the results of this run to:

 NPB Development Team 
 Internet: npb@nas.nasa.gov




 NAS Parallel Benchmarks 3.4 -- LU Benchmark

 Size:  408x 408x 408  (class D)
 Iterations:  300
 Total number of processes:   128

 Time step    1
 Time step   20
 Time step   40
 Time step   60
 Time step   80
 Time step  100
 Time step  120
 Time step  140
 Time step  160
 Time step  180
 Time step  200
 Time step  220
 Time step  240
 Time step  260
 Time step  280
 Time step  300

 Verification being performed for class D
 Accuracy setting for epsilon =  0.1000000000000E-07
 Comparison of RMS-norms of residual
           1   0.4868417937025E+05 0.4868417937025E+05 0.1120891484919E-13
           2   0.4696371050071E+04 0.4696371050071E+04 0.8617827211136E-13
           3   0.1218114549776E+05 0.1218114549776E+05 0.2991045280571E-12
           4   0.1033801493461E+05 0.1033801493461E+05 0.1912592982464E-12
           5   0.7142398413817E+05 0.7142398413817E+05 0.3626570180737E-13
 Comparison of RMS-norms of solution error
           1   0.3752393004482E+03 0.3752393004482E+03 0.5332299525957E-13
           2   0.3084128893659E+02 0.3084128893659E+02 0.1594276990683E-12
           3   0.9434276905469E+02 0.9434276905469E+02 0.2907159698105E-13
           4   0.8230686681928E+02 0.8230686681928E+02 0.3625796492466E-13
           5   0.7002620636210E+03 0.7002620636210E+03 0.1753369075921E-13
 Comparison of surface integral
               0.8334101392503E+02 0.8334101392503E+02 0.2966953009078E-13
 Verification Successful


 LU Benchmark Completed.
 Class           =                        D
 Size            =            408x 408x 408
 Iterations      =                      300
 Time in seconds =                   304.24
 Total processes =                      128
 Active procs    =                      128
 Mop/s total     =                131138.73
 Mop/s/process   =                  1024.52
 Operation type  =           floating point
 Verification    =               SUCCESSFUL
 Version         =                      3.4
 Compile date    =              02 Nov 2019

 Compile options:
    MPIFC        = mpifort
    FLINK        = $(MPIFC)
    FMPI_LIB     = (none)
    FMPI_INC     = (none)
    FFLAGS       = -O3
    FLINKFLAGS   = $(FFLAGS)
    RAND         = (none)


 Please send feedbacks and/or the results of this run to:

 NPB Development Team 
 Internet: npb@nas.nasa.gov




 NAS Parallel Benchmarks 3.4 -- LU Benchmark

 Size:  408x 408x 408  (class D)
 Iterations:  300
 Total number of processes:   128

 Time step    1
 Time step   20
 Time step   40
 Time step   60
 Time step   80
 Time step  100
 Time step  120
 Time step  140
 Time step  160
 Time step  180
 Time step  200
 Time step  220
 Time step  240
 Time step  260
 Time step  280
 Time step  300

 Verification being performed for class D
 Accuracy setting for epsilon =  0.1000000000000E-07
 Comparison of RMS-norms of residual
           1   0.4868417937025E+05 0.4868417937025E+05 0.1120891484919E-13
           2   0.4696371050071E+04 0.4696371050071E+04 0.8617827211136E-13
           3   0.1218114549776E+05 0.1218114549776E+05 0.2991045280571E-12
           4   0.1033801493461E+05 0.1033801493461E+05 0.1912592982464E-12
           5   0.7142398413817E+05 0.7142398413817E+05 0.3626570180737E-13
 Comparison of RMS-norms of solution error
           1   0.3752393004482E+03 0.3752393004482E+03 0.5332299525957E-13
           2   0.3084128893659E+02 0.3084128893659E+02 0.1594276990683E-12
           3   0.9434276905469E+02 0.9434276905469E+02 0.2907159698105E-13
           4   0.8230686681928E+02 0.8230686681928E+02 0.3625796492466E-13
           5   0.7002620636210E+03 0.7002620636210E+03 0.1753369075921E-13
 Comparison of surface integral
               0.8334101392503E+02 0.8334101392503E+02 0.2966953009078E-13
 Verification Successful


 LU Benchmark Completed.
 Class           =                        D
 Size            =            408x 408x 408
 Iterations      =                      300
 Time in seconds =                   303.91
 Total processes =                      128
 Active procs    =                      128
 Mop/s total     =                131282.57
 Mop/s/process   =                  1025.65
 Operation type  =           floating point
 Verification    =               SUCCESSFUL
 Version         =                      3.4
 Compile date    =              02 Nov 2019

 Compile options:
    MPIFC        = mpifort
    FLINK        = $(MPIFC)
    FMPI_LIB     = (none)
    FMPI_INC     = (none)
    FFLAGS       = -O3
    FLINKFLAGS   = $(FFLAGS)
    RAND         = (none)


 Please send feedbacks and/or the results of this run to:

 NPB Development Team 
 Internet: npb@nas.nasa.gov




 NAS Parallel Benchmarks 3.4 -- LU Benchmark

 Size:  408x 408x 408  (class D)
 Iterations:  300
 Total number of processes:   128

 Time step    1
 Time step   20
 Time step   40
 Time step   60
 Time step   80
 Time step  100
 Time step  120
 Time step  140
 Time step  160
 Time step  180
 Time step  200
 Time step  220
 Time step  240
 Time step  260
 Time step  280
 Time step  300

 Verification being performed for class D
 Accuracy setting for epsilon =  0.1000000000000E-07
 Comparison of RMS-norms of residual
           1   0.4868417937025E+05 0.4868417937025E+05 0.1120891484919E-13
           2   0.4696371050071E+04 0.4696371050071E+04 0.8617827211136E-13
           3   0.1218114549776E+05 0.1218114549776E+05 0.2991045280571E-12
           4   0.1033801493461E+05 0.1033801493461E+05 0.1912592982464E-12
           5   0.7142398413817E+05 0.7142398413817E+05 0.3626570180737E-13
 Comparison of RMS-norms of solution error
           1   0.3752393004482E+03 0.3752393004482E+03 0.5332299525957E-13
           2   0.3084128893659E+02 0.3084128893659E+02 0.1594276990683E-12
           3   0.9434276905469E+02 0.9434276905469E+02 0.2907159698105E-13
           4   0.8230686681928E+02 0.8230686681928E+02 0.3625796492466E-13
           5   0.7002620636210E+03 0.7002620636210E+03 0.1753369075921E-13
 Comparison of surface integral
               0.8334101392503E+02 0.8334101392503E+02 0.2966953009078E-13
 Verification Successful


 LU Benchmark Completed.
 Class           =                        D
 Size            =            408x 408x 408
 Iterations      =                      300
 Time in seconds =                   307.02
 Total processes =                      128
 Active procs    =                      128
 Mop/s total     =                129951.58
 Mop/s/process   =                  1015.25
 Operation type  =           floating point
 Verification    =               SUCCESSFUL
 Version         =                      3.4
 Compile date    =              02 Nov 2019

 Compile options:
    MPIFC        = mpifort
    FLINK        = $(MPIFC)
    FMPI_LIB     = (none)
    FMPI_INC     = (none)
    FFLAGS       = -O3
    FLINKFLAGS   = $(FFLAGS)
    RAND         = (none)


 Please send feedbacks and/or the results of this run to:

 NPB Development Team 
 Internet: npb@nas.nasa.gov




 NAS Parallel Benchmarks 3.4 -- LU Benchmark

 Size:  408x 408x 408  (class D)
 Iterations:  300
 Total number of processes:   128

 Time step    1
 Time step   20
 Time step   40
 Time step   60
 Time step   80
 Time step  100
 Time step  120
 Time step  140
 Time step  160
 Time step  180
 Time step  200
 Time step  220
 Time step  240
 Time step  260
 Time step  280
 Time step  300

 Verification being performed for class D
 Accuracy setting for epsilon =  0.1000000000000E-07
 Comparison of RMS-norms of residual
           1   0.4868417937025E+05 0.4868417937025E+05 0.1120891484919E-13
           2   0.4696371050071E+04 0.4696371050071E+04 0.8617827211136E-13
           3   0.1218114549776E+05 0.1218114549776E+05 0.2991045280571E-12
           4   0.1033801493461E+05 0.1033801493461E+05 0.1912592982464E-12
           5   0.7142398413817E+05 0.7142398413817E+05 0.3626570180737E-13
 Comparison of RMS-norms of solution error
           1   0.3752393004482E+03 0.3752393004482E+03 0.5332299525957E-13
           2   0.3084128893659E+02 0.3084128893659E+02 0.1594276990683E-12
           3   0.9434276905469E+02 0.9434276905469E+02 0.2907159698105E-13
           4   0.8230686681928E+02 0.8230686681928E+02 0.3625796492466E-13
           5   0.7002620636210E+03 0.7002620636210E+03 0.1753369075921E-13
 Comparison of surface integral
               0.8334101392503E+02 0.8334101392503E+02 0.2966953009078E-13
 Verification Successful


 LU Benchmark Completed.
 Class           =                        D
 Size            =            408x 408x 408
 Iterations      =                      300
 Time in seconds =                   307.44
 Total processes =                      128
 Active procs    =                      128
 Mop/s total     =                129774.00
 Mop/s/process   =                  1013.86
 Operation type  =           floating point
 Verification    =               SUCCESSFUL
 Version         =                      3.4
 Compile date    =              02 Nov 2019

 Compile options:
    MPIFC        = mpifort
    FLINK        = $(MPIFC)
    FMPI_LIB     = (none)
    FMPI_INC     = (none)
    FFLAGS       = -O3
    FLINKFLAGS   = $(FFLAGS)
    RAND         = (none)


 Please send feedbacks and/or the results of this run to:

 NPB Development Team 
 Internet: npb@nas.nasa.gov




 NAS Parallel Benchmarks 3.4 -- LU Benchmark

 Size:  408x 408x 408  (class D)
 Iterations:  300
 Total number of processes:   128

 Time step    1
 Time step   20
 Time step   40
 Time step   60
 Time step   80
 Time step  100
 Time step  120
 Time step  140
 Time step  160
 Time step  180
 Time step  200
 Time step  220
 Time step  240
 Time step  260
 Time step  280
 Time step  300

 Verification being performed for class D
 Accuracy setting for epsilon =  0.1000000000000E-07
 Comparison of RMS-norms of residual
           1   0.4868417937025E+05 0.4868417937025E+05 0.1120891484919E-13
           2   0.4696371050071E+04 0.4696371050071E+04 0.8617827211136E-13
           3   0.1218114549776E+05 0.1218114549776E+05 0.2991045280571E-12
           4   0.1033801493461E+05 0.1033801493461E+05 0.1912592982464E-12
           5   0.7142398413817E+05 0.7142398413817E+05 0.3626570180737E-13
 Comparison of RMS-norms of solution error
           1   0.3752393004482E+03 0.3752393004482E+03 0.5332299525957E-13
           2   0.3084128893659E+02 0.3084128893659E+02 0.1594276990683E-12
           3   0.9434276905469E+02 0.9434276905469E+02 0.2907159698105E-13
           4   0.8230686681928E+02 0.8230686681928E+02 0.3625796492466E-13
           5   0.7002620636210E+03 0.7002620636210E+03 0.1753369075921E-13
 Comparison of surface integral
               0.8334101392503E+02 0.8334101392503E+02 0.2966953009078E-13
 Verification Successful


 LU Benchmark Completed.
 Class           =                        D
 Size            =            408x 408x 408
 Iterations      =                      300
 Time in seconds =                   305.66
 Total processes =                      128
 Active procs    =                      128
 Mop/s total     =                130528.58
 Mop/s/process   =                  1019.75
 Operation type  =           floating point
 Verification    =               SUCCESSFUL
 Version         =                      3.4
 Compile date    =              02 Nov 2019

 Compile options:
    MPIFC        = mpifort
    FLINK        = $(MPIFC)
    FMPI_LIB     = (none)
    FMPI_INC     = (none)
    FFLAGS       = -O3
    FLINKFLAGS   = $(FFLAGS)
    RAND         = (none)


 Please send feedbacks and/or the results of this run to:

 NPB Development Team 
 Internet: npb@nas.nasa.gov




 NAS Parallel Benchmarks 3.4 -- LU Benchmark

 Size:  408x 408x 408  (class D)
 Iterations:  300
 Total number of processes:   128

 Time step    1
 Time step   20
 Time step   40
 Time step   60
 Time step   80
 Time step  100
 Time step  120
 Time step  140
 Time step  160
 Time step  180
 Time step  200
 Time step  220
 Time step  240
 Time step  260
 Time step  280
 Time step  300

 Verification being performed for class D
 Accuracy setting for epsilon =  0.1000000000000E-07
 Comparison of RMS-norms of residual
           1   0.4868417937025E+05 0.4868417937025E+05 0.1120891484919E-13
           2   0.4696371050071E+04 0.4696371050071E+04 0.8617827211136E-13
           3   0.1218114549776E+05 0.1218114549776E+05 0.2991045280571E-12
           4   0.1033801493461E+05 0.1033801493461E+05 0.1912592982464E-12
           5   0.7142398413817E+05 0.7142398413817E+05 0.3626570180737E-13
 Comparison of RMS-norms of solution error
           1   0.3752393004482E+03 0.3752393004482E+03 0.5332299525957E-13
           2   0.3084128893659E+02 0.3084128893659E+02 0.1594276990683E-12
           3   0.9434276905469E+02 0.9434276905469E+02 0.2907159698105E-13
           4   0.8230686681928E+02 0.8230686681928E+02 0.3625796492466E-13
           5   0.7002620636210E+03 0.7002620636210E+03 0.1753369075921E-13
 Comparison of surface integral
               0.8334101392503E+02 0.8334101392503E+02 0.2966953009078E-13
 Verification Successful


 LU Benchmark Completed.
 Class           =                        D
 Size            =            408x 408x 408
 Iterations      =                      300
 Time in seconds =                   309.27
 Total processes =                      128
 Active procs    =                      128
 Mop/s total     =                129006.89
 Mop/s/process   =                  1007.87
 Operation type  =           floating point
 Verification    =               SUCCESSFUL
 Version         =                      3.4
 Compile date    =              02 Nov 2019

 Compile options:
    MPIFC        = mpifort
    FLINK        = $(MPIFC)
    FMPI_LIB     = (none)
    FMPI_INC     = (none)
    FFLAGS       = -O3
    FLINKFLAGS   = $(FFLAGS)
    RAND         = (none)


 Please send feedbacks and/or the results of this run to:

 NPB Development Team 
 Internet: npb@nas.nasa.gov




 NAS Parallel Benchmarks 3.4 -- LU Benchmark

 Size:  408x 408x 408  (class D)
 Iterations:  300
 Total number of processes:   128

 Time step    1
 Time step   20
 Time step   40
 Time step   60
 Time step   80
 Time step  100
 Time step  120
 Time step  140
 Time step  160
 Time step  180
 Time step  200
 Time step  220
 Time step  240
 Time step  260
 Time step  280
 Time step  300

 Verification being performed for class D
 Accuracy setting for epsilon =  0.1000000000000E-07
 Comparison of RMS-norms of residual
           1   0.4868417937025E+05 0.4868417937025E+05 0.1120891484919E-13
           2   0.4696371050071E+04 0.4696371050071E+04 0.8617827211136E-13
           3   0.1218114549776E+05 0.1218114549776E+05 0.2991045280571E-12
           4   0.1033801493461E+05 0.1033801493461E+05 0.1912592982464E-12
           5   0.7142398413817E+05 0.7142398413817E+05 0.3626570180737E-13
 Comparison of RMS-norms of solution error
           1   0.3752393004482E+03 0.3752393004482E+03 0.5332299525957E-13
           2   0.3084128893659E+02 0.3084128893659E+02 0.1594276990683E-12
           3   0.9434276905469E+02 0.9434276905469E+02 0.2907159698105E-13
           4   0.8230686681928E+02 0.8230686681928E+02 0.3625796492466E-13
           5   0.7002620636210E+03 0.7002620636210E+03 0.1753369075921E-13
 Comparison of surface integral
               0.8334101392503E+02 0.8334101392503E+02 0.2966953009078E-13
 Verification Successful


 LU Benchmark Completed.
 Class           =                        D
 Size            =            408x 408x 408
 Iterations      =                      300
 Time in seconds =                   310.99
 Total processes =                      128
 Active procs    =                      128
 Mop/s total     =                128294.23
 Mop/s/process   =                  1002.30
 Operation type  =           floating point
 Verification    =               SUCCESSFUL
 Version         =                      3.4
 Compile date    =              02 Nov 2019

 Compile options:
    MPIFC        = mpifort
    FLINK        = $(MPIFC)
    FMPI_LIB     = (none)
    FMPI_INC     = (none)
    FFLAGS       = -O3
    FLINKFLAGS   = $(FFLAGS)
    RAND         = (none)


 Please send feedbacks and/or the results of this run to:

 NPB Development Team 
 Internet: npb@nas.nasa.gov




 NAS Parallel Benchmarks 3.4 -- LU Benchmark

 Size:  408x 408x 408  (class D)
 Iterations:  300
 Total number of processes:   128

 Time step    1
 Time step   20
 Time step   40
 Time step   60
 Time step   80
 Time step  100
 Time step  120
 Time step  140
 Time step  160
 Time step  180
 Time step  200
 Time step  220
 Time step  240
 Time step  260
 Time step  280
 Time step  300

 Verification being performed for class D
 Accuracy setting for epsilon =  0.1000000000000E-07
 Comparison of RMS-norms of residual
           1   0.4868417937025E+05 0.4868417937025E+05 0.1120891484919E-13
           2   0.4696371050071E+04 0.4696371050071E+04 0.8617827211136E-13
           3   0.1218114549776E+05 0.1218114549776E+05 0.2991045280571E-12
           4   0.1033801493461E+05 0.1033801493461E+05 0.1912592982464E-12
           5   0.7142398413817E+05 0.7142398413817E+05 0.3626570180737E-13
 Comparison of RMS-norms of solution error
           1   0.3752393004482E+03 0.3752393004482E+03 0.5332299525957E-13
           2   0.3084128893659E+02 0.3084128893659E+02 0.1594276990683E-12
           3   0.9434276905469E+02 0.9434276905469E+02 0.2907159698105E-13
           4   0.8230686681928E+02 0.8230686681928E+02 0.3625796492466E-13
           5   0.7002620636210E+03 0.7002620636210E+03 0.1753369075921E-13
 Comparison of surface integral
               0.8334101392503E+02 0.8334101392503E+02 0.2966953009078E-13
 Verification Successful


 LU Benchmark Completed.
 Class           =                        D
 Size            =            408x 408x 408
 Iterations      =                      300
 Time in seconds =                   302.87
 Total processes =                      128
 Active procs    =                      128
 Mop/s total     =                131731.29
 Mop/s/process   =                  1029.15
 Operation type  =           floating point
 Verification    =               SUCCESSFUL
 Version         =                      3.4
 Compile date    =              02 Nov 2019

 Compile options:
    MPIFC        = mpifort
    FLINK        = $(MPIFC)
    FMPI_LIB     = (none)
    FMPI_INC     = (none)
    FFLAGS       = -O3
    FLINKFLAGS   = $(FFLAGS)
    RAND         = (none)


 Please send feedbacks and/or the results of this run to:

 NPB Development Team 
 Internet: npb@nas.nasa.gov




 NAS Parallel Benchmarks 3.4 -- LU Benchmark

 Size:  408x 408x 408  (class D)
 Iterations:  300
 Total number of processes:   128

 Time step    1
 Time step   20
 Time step   40
 Time step   60
 Time step   80
 Time step  100
 Time step  120
 Time step  140
 Time step  160
 Time step  180
 Time step  200
 Time step  220
 Time step  240
 Time step  260
 Time step  280
 Time step  300

 Verification being performed for class D
 Accuracy setting for epsilon =  0.1000000000000E-07
 Comparison of RMS-norms of residual
           1   0.4868417937025E+05 0.4868417937025E+05 0.1120891484919E-13
           2   0.4696371050071E+04 0.4696371050071E+04 0.8617827211136E-13
           3   0.1218114549776E+05 0.1218114549776E+05 0.2991045280571E-12
           4   0.1033801493461E+05 0.1033801493461E+05 0.1912592982464E-12
           5   0.7142398413817E+05 0.7142398413817E+05 0.3626570180737E-13
 Comparison of RMS-norms of solution error
           1   0.3752393004482E+03 0.3752393004482E+03 0.5332299525957E-13
           2   0.3084128893659E+02 0.3084128893659E+02 0.1594276990683E-12
           3   0.9434276905469E+02 0.9434276905469E+02 0.2907159698105E-13
           4   0.8230686681928E+02 0.8230686681928E+02 0.3625796492466E-13
           5   0.7002620636210E+03 0.7002620636210E+03 0.1753369075921E-13
 Comparison of surface integral
               0.8334101392503E+02 0.8334101392503E+02 0.2966953009078E-13
 Verification Successful


 LU Benchmark Completed.
 Class           =                        D
 Size            =            408x 408x 408
 Iterations      =                      300
 Time in seconds =                   306.25
 Total processes =                      128
 Active procs    =                      128
 Mop/s total     =                130276.94
 Mop/s/process   =                  1017.79
 Operation type  =           floating point
 Verification    =               SUCCESSFUL
 Version         =                      3.4
 Compile date    =              02 Nov 2019

 Compile options:
    MPIFC        = mpifort
    FLINK        = $(MPIFC)
    FMPI_LIB     = (none)
    FMPI_INC     = (none)
    FFLAGS       = -O3
    FLINKFLAGS   = $(FFLAGS)
    RAND         = (none)


 Please send feedbacks and/or the results of this run to:

 NPB Development Team 
 Internet: npb@nas.nasa.gov




 NAS Parallel Benchmarks 3.4 -- LU Benchmark

 Size:  408x 408x 408  (class D)
 Iterations:  300
 Total number of processes:   128

 Time step    1
 Time step   20
 Time step   40
 Time step   60
 Time step   80
 Time step  100
 Time step  120
 Time step  140
 Time step  160
 Time step  180
 Time step  200
 Time step  220
 Time step  240
 Time step  260
 Time step  280
 Time step  300

 Verification being performed for class D
 Accuracy setting for epsilon =  0.1000000000000E-07
 Comparison of RMS-norms of residual
           1   0.4868417937025E+05 0.4868417937025E+05 0.1120891484919E-13
           2   0.4696371050071E+04 0.4696371050071E+04 0.8617827211136E-13
           3   0.1218114549776E+05 0.1218114549776E+05 0.2991045280571E-12
           4   0.1033801493461E+05 0.1033801493461E+05 0.1912592982464E-12
           5   0.7142398413817E+05 0.7142398413817E+05 0.3626570180737E-13
 Comparison of RMS-norms of solution error
           1   0.3752393004482E+03 0.3752393004482E+03 0.5332299525957E-13
           2   0.3084128893659E+02 0.3084128893659E+02 0.1594276990683E-12
           3   0.9434276905469E+02 0.9434276905469E+02 0.2907159698105E-13
           4   0.8230686681928E+02 0.8230686681928E+02 0.3625796492466E-13
           5   0.7002620636210E+03 0.7002620636210E+03 0.1753369075921E-13
 Comparison of surface integral
               0.8334101392503E+02 0.8334101392503E+02 0.2966953009078E-13
 Verification Successful


 LU Benchmark Completed.
 Class           =                        D
 Size            =            408x 408x 408
 Iterations      =                      300
 Time in seconds =                   304.04
 Total processes =                      128
 Active procs    =                      128
 Mop/s total     =                131226.72
 Mop/s/process   =                  1025.21
 Operation type  =           floating point
 Verification    =               SUCCESSFUL
 Version         =                      3.4
 Compile date    =              02 Nov 2019

 Compile options:
    MPIFC        = mpifort
    FLINK        = $(MPIFC)
    FMPI_LIB     = (none)
    FMPI_INC     = (none)
    FFLAGS       = -O3
    FLINKFLAGS   = $(FFLAGS)
    RAND         = (none)


 Please send feedbacks and/or the results of this run to:

 NPB Development Team 
 Internet: npb@nas.nasa.gov




 NAS Parallel Benchmarks 3.4 -- LU Benchmark

 Size:  408x 408x 408  (class D)
 Iterations:  300
 Total number of processes:   128

 Time step    1
 Time step   20
 Time step   40
 Time step   60
 Time step   80
 Time step  100
 Time step  120
 Time step  140
 Time step  160
 Time step  180
 Time step  200
 Time step  220
 Time step  240
 Time step  260
 Time step  280
 Time step  300

 Verification being performed for class D
 Accuracy setting for epsilon =  0.1000000000000E-07
 Comparison of RMS-norms of residual
           1   0.4868417937025E+05 0.4868417937025E+05 0.1120891484919E-13
           2   0.4696371050071E+04 0.4696371050071E+04 0.8617827211136E-13
           3   0.1218114549776E+05 0.1218114549776E+05 0.2991045280571E-12
           4   0.1033801493461E+05 0.1033801493461E+05 0.1912592982464E-12
           5   0.7142398413817E+05 0.7142398413817E+05 0.3626570180737E-13
 Comparison of RMS-norms of solution error
           1   0.3752393004482E+03 0.3752393004482E+03 0.5332299525957E-13
           2   0.3084128893659E+02 0.3084128893659E+02 0.1594276990683E-12
           3   0.9434276905469E+02 0.9434276905469E+02 0.2907159698105E-13
           4   0.8230686681928E+02 0.8230686681928E+02 0.3625796492466E-13
           5   0.7002620636210E+03 0.7002620636210E+03 0.1753369075921E-13
 Comparison of surface integral
               0.8334101392503E+02 0.8334101392503E+02 0.2966953009078E-13
 Verification Successful


 LU Benchmark Completed.
 Class           =                        D
 Size            =            408x 408x 408
 Iterations      =                      300
 Time in seconds =                   306.49
 Total processes =                      128
 Active procs    =                      128
 Mop/s total     =                130178.15
 Mop/s/process   =                  1017.02
 Operation type  =           floating point
 Verification    =               SUCCESSFUL
 Version         =                      3.4
 Compile date    =              02 Nov 2019

 Compile options:
    MPIFC        = mpifort
    FLINK        = $(MPIFC)
    FMPI_LIB     = (none)
    FMPI_INC     = (none)
    FFLAGS       = -O3
    FLINKFLAGS   = $(FFLAGS)
    RAND         = (none)


 Please send feedbacks and/or the results of this run to:

 NPB Development Team 
 Internet: npb@nas.nasa.gov




 NAS Parallel Benchmarks 3.4 -- LU Benchmark

 Size:  408x 408x 408  (class D)
 Iterations:  300
 Total number of processes:   128

 Time step    1
 Time step   20
 Time step   40
 Time step   60
 Time step   80
 Time step  100
 Time step  120
 Time step  140
 Time step  160
 Time step  180
 Time step  200
 Time step  220
 Time step  240
 Time step  260
 Time step  280
 Time step  300

 Verification being performed for class D
 Accuracy setting for epsilon =  0.1000000000000E-07
 Comparison of RMS-norms of residual
           1   0.4868417937025E+05 0.4868417937025E+05 0.1120891484919E-13
           2   0.4696371050071E+04 0.4696371050071E+04 0.8617827211136E-13
           3   0.1218114549776E+05 0.1218114549776E+05 0.2991045280571E-12
           4   0.1033801493461E+05 0.1033801493461E+05 0.1912592982464E-12
           5   0.7142398413817E+05 0.7142398413817E+05 0.3626570180737E-13
 Comparison of RMS-norms of solution error
           1   0.3752393004482E+03 0.3752393004482E+03 0.5332299525957E-13
           2   0.3084128893659E+02 0.3084128893659E+02 0.1594276990683E-12
           3   0.9434276905469E+02 0.9434276905469E+02 0.2907159698105E-13
           4   0.8230686681928E+02 0.8230686681928E+02 0.3625796492466E-13
           5   0.7002620636210E+03 0.7002620636210E+03 0.1753369075921E-13
 Comparison of surface integral
               0.8334101392503E+02 0.8334101392503E+02 0.2966953009078E-13
 Verification Successful


 LU Benchmark Completed.
 Class           =                        D
 Size            =            408x 408x 408
 Iterations      =                      300
 Time in seconds =                   310.62
 Total processes =                      128
 Active procs    =                      128
 Mop/s total     =                128446.31
 Mop/s/process   =                  1003.49
 Operation type  =           floating point
 Verification    =               SUCCESSFUL
 Version         =                      3.4
 Compile date    =              02 Nov 2019

 Compile options:
    MPIFC        = mpifort
    FLINK        = $(MPIFC)
    FMPI_LIB     = (none)
    FMPI_INC     = (none)
    FFLAGS       = -O3
    FLINKFLAGS   = $(FFLAGS)
    RAND         = (none)


 Please send feedbacks and/or the results of this run to:

 NPB Development Team 
 Internet: npb@nas.nasa.gov




 NAS Parallel Benchmarks 3.4 -- LU Benchmark

 Size:  408x 408x 408  (class D)
 Iterations:  300
 Total number of processes:   128

 Time step    1
 Time step   20
 Time step   40
 Time step   60
 Time step   80
 Time step  100
 Time step  120
 Time step  140
 Time step  160
 Time step  180
 Time step  200
 Time step  220
 Time step  240
 Time step  260
 Time step  280
 Time step  300

 Verification being performed for class D
 Accuracy setting for epsilon =  0.1000000000000E-07
 Comparison of RMS-norms of residual
           1   0.4868417937025E+05 0.4868417937025E+05 0.1120891484919E-13
           2   0.4696371050071E+04 0.4696371050071E+04 0.8617827211136E-13
           3   0.1218114549776E+05 0.1218114549776E+05 0.2991045280571E-12
           4   0.1033801493461E+05 0.1033801493461E+05 0.1912592982464E-12
           5   0.7142398413817E+05 0.7142398413817E+05 0.3626570180737E-13
 Comparison of RMS-norms of solution error
           1   0.3752393004482E+03 0.3752393004482E+03 0.5332299525957E-13
           2   0.3084128893659E+02 0.3084128893659E+02 0.1594276990683E-12
           3   0.9434276905469E+02 0.9434276905469E+02 0.2907159698105E-13
           4   0.8230686681928E+02 0.8230686681928E+02 0.3625796492466E-13
           5   0.7002620636210E+03 0.7002620636210E+03 0.1753369075921E-13
 Comparison of surface integral
               0.8334101392503E+02 0.8334101392503E+02 0.2966953009078E-13
 Verification Successful


 LU Benchmark Completed.
 Class           =                        D
 Size            =            408x 408x 408
 Iterations      =                      300
 Time in seconds =                   308.55
 Total processes =                      128
 Active procs    =                      128
 Mop/s total     =                129308.63
 Mop/s/process   =                  1010.22
 Operation type  =           floating point
 Verification    =               SUCCESSFUL
 Version         =                      3.4
 Compile date    =              02 Nov 2019

 Compile options:
    MPIFC        = mpifort
    FLINK        = $(MPIFC)
    FMPI_LIB     = (none)
    FMPI_INC     = (none)
    FFLAGS       = -O3
    FLINKFLAGS   = $(FFLAGS)
    RAND         = (none)


 Please send feedbacks and/or the results of this run to:

 NPB Development Team 
 Internet: npb@nas.nasa.gov




 NAS Parallel Benchmarks 3.4 -- LU Benchmark

 Size:  408x 408x 408  (class D)
 Iterations:  300
 Total number of processes:   128

 Time step    1
 Time step   20
 Time step   40
 Time step   60
 Time step   80
 Time step  100
 Time step  120
 Time step  140
 Time step  160
 Time step  180
 Time step  200
 Time step  220
 Time step  240
 Time step  260
 Time step  280
 Time step  300

 Verification being performed for class D
 Accuracy setting for epsilon =  0.1000000000000E-07
 Comparison of RMS-norms of residual
           1   0.4868417937025E+05 0.4868417937025E+05 0.1120891484919E-13
           2   0.4696371050071E+04 0.4696371050071E+04 0.8617827211136E-13
           3   0.1218114549776E+05 0.1218114549776E+05 0.2991045280571E-12
           4   0.1033801493461E+05 0.1033801493461E+05 0.1912592982464E-12
           5   0.7142398413817E+05 0.7142398413817E+05 0.3626570180737E-13
 Comparison of RMS-norms of solution error
           1   0.3752393004482E+03 0.3752393004482E+03 0.5332299525957E-13
           2   0.3084128893659E+02 0.3084128893659E+02 0.1594276990683E-12
           3   0.9434276905469E+02 0.9434276905469E+02 0.2907159698105E-13
           4   0.8230686681928E+02 0.8230686681928E+02 0.3625796492466E-13
           5   0.7002620636210E+03 0.7002620636210E+03 0.1753369075921E-13
 Comparison of surface integral
               0.8334101392503E+02 0.8334101392503E+02 0.2966953009078E-13
 Verification Successful


 LU Benchmark Completed.
 Class           =                        D
 Size            =            408x 408x 408
 Iterations      =                      300
 Time in seconds =                   312.45
 Total processes =                      128
 Active procs    =                      128
 Mop/s total     =                127694.53
 Mop/s/process   =                   997.61
 Operation type  =           floating point
 Verification    =               SUCCESSFUL
 Version         =                      3.4
 Compile date    =              02 Nov 2019

 Compile options:
    MPIFC        = mpifort
    FLINK        = $(MPIFC)
    FMPI_LIB     = (none)
    FMPI_INC     = (none)
    FFLAGS       = -O3
    FLINKFLAGS   = $(FFLAGS)
    RAND         = (none)


 Please send feedbacks and/or the results of this run to:

 NPB Development Team 
 Internet: npb@nas.nasa.gov




 NAS Parallel Benchmarks 3.4 -- LU Benchmark

 Size:  408x 408x 408  (class D)
 Iterations:  300
 Total number of processes:   128

 Time step    1
 Time step   20
 Time step   40
 Time step   60
 Time step   80
 Time step  100
 Time step  120
 Time step  140
 Time step  160
 Time step  180
 Time step  200
 Time step  220
 Time step  240
 Time step  260
 Time step  280
 Time step  300

 Verification being performed for class D
 Accuracy setting for epsilon =  0.1000000000000E-07
 Comparison of RMS-norms of residual
           1   0.4868417937025E+05 0.4868417937025E+05 0.1120891484919E-13
           2   0.4696371050071E+04 0.4696371050071E+04 0.8617827211136E-13
           3   0.1218114549776E+05 0.1218114549776E+05 0.2991045280571E-12
           4   0.1033801493461E+05 0.1033801493461E+05 0.1912592982464E-12
           5   0.7142398413817E+05 0.7142398413817E+05 0.3626570180737E-13
 Comparison of RMS-norms of solution error
           1   0.3752393004482E+03 0.3752393004482E+03 0.5332299525957E-13
           2   0.3084128893659E+02 0.3084128893659E+02 0.1594276990683E-12
           3   0.9434276905469E+02 0.9434276905469E+02 0.2907159698105E-13
           4   0.8230686681928E+02 0.8230686681928E+02 0.3625796492466E-13
           5   0.7002620636210E+03 0.7002620636210E+03 0.1753369075921E-13
 Comparison of surface integral
               0.8334101392503E+02 0.8334101392503E+02 0.2966953009078E-13
 Verification Successful


 LU Benchmark Completed.
 Class           =                        D
 Size            =            408x 408x 408
 Iterations      =                      300
 Time in seconds =                   306.93
 Total processes =                      128
 Active procs    =                      128
 Mop/s total     =                129990.83
 Mop/s/process   =                  1015.55
 Operation type  =           floating point
 Verification    =               SUCCESSFUL
 Version         =                      3.4
 Compile date    =              02 Nov 2019

 Compile options:
    MPIFC        = mpifort
    FLINK        = $(MPIFC)
    FMPI_LIB     = (none)
    FMPI_INC     = (none)
    FFLAGS       = -O3
    FLINKFLAGS   = $(FFLAGS)
    RAND         = (none)


 Please send feedbacks and/or the results of this run to:

 NPB Development Team 
 Internet: npb@nas.nasa.gov




 NAS Parallel Benchmarks 3.4 -- LU Benchmark

 Size:  408x 408x 408  (class D)
 Iterations:  300
 Total number of processes:   128

 Time step    1
 Time step   20
 Time step   40
 Time step   60
 Time step   80
 Time step  100
 Time step  120
 Time step  140
 Time step  160
 Time step  180
 Time step  200
 Time step  220
 Time step  240
 Time step  260
 Time step  280
 Time step  300

 Verification being performed for class D
 Accuracy setting for epsilon =  0.1000000000000E-07
 Comparison of RMS-norms of residual
           1   0.4868417937025E+05 0.4868417937025E+05 0.1120891484919E-13
           2   0.4696371050071E+04 0.4696371050071E+04 0.8617827211136E-13
           3   0.1218114549776E+05 0.1218114549776E+05 0.2991045280571E-12
           4   0.1033801493461E+05 0.1033801493461E+05 0.1912592982464E-12
           5   0.7142398413817E+05 0.7142398413817E+05 0.3626570180737E-13
 Comparison of RMS-norms of solution error
           1   0.3752393004482E+03 0.3752393004482E+03 0.5332299525957E-13
           2   0.3084128893659E+02 0.3084128893659E+02 0.1594276990683E-12
           3   0.9434276905469E+02 0.9434276905469E+02 0.2907159698105E-13
           4   0.8230686681928E+02 0.8230686681928E+02 0.3625796492466E-13
           5   0.7002620636210E+03 0.7002620636210E+03 0.1753369075921E-13
 Comparison of surface integral
               0.8334101392503E+02 0.8334101392503E+02 0.2966953009078E-13
 Verification Successful


 LU Benchmark Completed.
 Class           =                        D
 Size            =            408x 408x 408
 Iterations      =                      300
 Time in seconds =                   305.36
 Total processes =                      128
 Active procs    =                      128
 Mop/s total     =                130660.18
 Mop/s/process   =                  1020.78
 Operation type  =           floating point
 Verification    =               SUCCESSFUL
 Version         =                      3.4
 Compile date    =              02 Nov 2019

 Compile options:
    MPIFC        = mpifort
    FLINK        = $(MPIFC)
    FMPI_LIB     = (none)
    FMPI_INC     = (none)
    FFLAGS       = -O3
    FLINKFLAGS   = $(FFLAGS)
    RAND         = (none)


 Please send feedbacks and/or the results of this run to:

 NPB Development Team 
 Internet: npb@nas.nasa.gov




 NAS Parallel Benchmarks 3.4 -- LU Benchmark

 Size:  408x 408x 408  (class D)
 Iterations:  300
 Total number of processes:   128

 Time step    1
 Time step   20
 Time step   40
 Time step   60
 Time step   80
 Time step  100
 Time step  120
 Time step  140
 Time step  160
 Time step  180
 Time step  200
 Time step  220
 Time step  240
 Time step  260
 Time step  280
 Time step  300

 Verification being performed for class D
 Accuracy setting for epsilon =  0.1000000000000E-07
 Comparison of RMS-norms of residual
           1   0.4868417937025E+05 0.4868417937025E+05 0.1120891484919E-13
           2   0.4696371050071E+04 0.4696371050071E+04 0.8617827211136E-13
           3   0.1218114549776E+05 0.1218114549776E+05 0.2991045280571E-12
           4   0.1033801493461E+05 0.1033801493461E+05 0.1912592982464E-12
           5   0.7142398413817E+05 0.7142398413817E+05 0.3626570180737E-13
 Comparison of RMS-norms of solution error
           1   0.3752393004482E+03 0.3752393004482E+03 0.5332299525957E-13
           2   0.3084128893659E+02 0.3084128893659E+02 0.1594276990683E-12
           3   0.9434276905469E+02 0.9434276905469E+02 0.2907159698105E-13
           4   0.8230686681928E+02 0.8230686681928E+02 0.3625796492466E-13
           5   0.7002620636210E+03 0.7002620636210E+03 0.1753369075921E-13
 Comparison of surface integral
               0.8334101392503E+02 0.8334101392503E+02 0.2966953009078E-13
 Verification Successful


 LU Benchmark Completed.
 Class           =                        D
 Size            =            408x 408x 408
 Iterations      =                      300
 Time in seconds =                   308.25
 Total processes =                      128
 Active procs    =                      128
 Mop/s total     =                129433.04
 Mop/s/process   =                  1011.20
 Operation type  =           floating point
 Verification    =               SUCCESSFUL
 Version         =                      3.4
 Compile date    =              02 Nov 2019

 Compile options:
    MPIFC        = mpifort
    FLINK        = $(MPIFC)
    FMPI_LIB     = (none)
    FMPI_INC     = (none)
    FFLAGS       = -O3
    FLINKFLAGS   = $(FFLAGS)
    RAND         = (none)


 Please send feedbacks and/or the results of this run to:

 NPB Development Team 
 Internet: npb@nas.nasa.gov




 NAS Parallel Benchmarks 3.4 -- LU Benchmark

 Size:  408x 408x 408  (class D)
 Iterations:  300
 Total number of processes:   128

 Time step    1
 Time step   20
 Time step   40
 Time step   60
 Time step   80
 Time step  100
 Time step  120
 Time step  140
 Time step  160
 Time step  180
 Time step  200
 Time step  220
 Time step  240
 Time step  260
 Time step  280
 Time step  300

 Verification being performed for class D
 Accuracy setting for epsilon =  0.1000000000000E-07
 Comparison of RMS-norms of residual
           1   0.4868417937025E+05 0.4868417937025E+05 0.1120891484919E-13
           2   0.4696371050071E+04 0.4696371050071E+04 0.8617827211136E-13
           3   0.1218114549776E+05 0.1218114549776E+05 0.2991045280571E-12
           4   0.1033801493461E+05 0.1033801493461E+05 0.1912592982464E-12
           5   0.7142398413817E+05 0.7142398413817E+05 0.3626570180737E-13
 Comparison of RMS-norms of solution error
           1   0.3752393004482E+03 0.3752393004482E+03 0.5332299525957E-13
           2   0.3084128893659E+02 0.3084128893659E+02 0.1594276990683E-12
           3   0.9434276905469E+02 0.9434276905469E+02 0.2907159698105E-13
           4   0.8230686681928E+02 0.8230686681928E+02 0.3625796492466E-13
           5   0.7002620636210E+03 0.7002620636210E+03 0.1753369075921E-13
 Comparison of surface integral
               0.8334101392503E+02 0.8334101392503E+02 0.2966953009078E-13
 Verification Successful


 LU Benchmark Completed.
 Class           =                        D
 Size            =            408x 408x 408
 Iterations      =                      300
 Time in seconds =                   303.36
 Total processes =                      128
 Active procs    =                      128
 Mop/s total     =                131520.51
 Mop/s/process   =                  1027.50
 Operation type  =           floating point
 Verification    =               SUCCESSFUL
 Version         =                      3.4
 Compile date    =              02 Nov 2019

 Compile options:
    MPIFC        = mpifort
    FLINK        = $(MPIFC)
    FMPI_LIB     = (none)
    FMPI_INC     = (none)
    FFLAGS       = -O3
    FLINKFLAGS   = $(FFLAGS)
    RAND         = (none)


 Please send feedbacks and/or the results of this run to:

 NPB Development Team 
 Internet: npb@nas.nasa.gov




 NAS Parallel Benchmarks 3.4 -- LU Benchmark

 Size:  408x 408x 408  (class D)
 Iterations:  300
 Total number of processes:   128

 Time step    1
 Time step   20
 Time step   40
 Time step   60
 Time step   80
 Time step  100
 Time step  120
 Time step  140
 Time step  160
 Time step  180
 Time step  200
 Time step  220
 Time step  240
 Time step  260
 Time step  280
 Time step  300

 Verification being performed for class D
 Accuracy setting for epsilon =  0.1000000000000E-07
 Comparison of RMS-norms of residual
           1   0.4868417937025E+05 0.4868417937025E+05 0.1120891484919E-13
           2   0.4696371050071E+04 0.4696371050071E+04 0.8617827211136E-13
           3   0.1218114549776E+05 0.1218114549776E+05 0.2991045280571E-12
           4   0.1033801493461E+05 0.1033801493461E+05 0.1912592982464E-12
           5   0.7142398413817E+05 0.7142398413817E+05 0.3626570180737E-13
 Comparison of RMS-norms of solution error
           1   0.3752393004482E+03 0.3752393004482E+03 0.5332299525957E-13
           2   0.3084128893659E+02 0.3084128893659E+02 0.1594276990683E-12
           3   0.9434276905469E+02 0.9434276905469E+02 0.2907159698105E-13
           4   0.8230686681928E+02 0.8230686681928E+02 0.3625796492466E-13
           5   0.7002620636210E+03 0.7002620636210E+03 0.1753369075921E-13
 Comparison of surface integral
               0.8334101392503E+02 0.8334101392503E+02 0.2966953009078E-13
 Verification Successful


 LU Benchmark Completed.
 Class           =                        D
 Size            =            408x 408x 408
 Iterations      =                      300
 Time in seconds =                   303.38
 Total processes =                      128
 Active procs    =                      128
 Mop/s total     =                131510.96
 Mop/s/process   =                  1027.43
 Operation type  =           floating point
 Verification    =               SUCCESSFUL
 Version         =                      3.4
 Compile date    =              02 Nov 2019

 Compile options:
    MPIFC        = mpifort
    FLINK        = $(MPIFC)
    FMPI_LIB     = (none)
    FMPI_INC     = (none)
    FFLAGS       = -O3
    FLINKFLAGS   = $(FFLAGS)
    RAND         = (none)


 Please send feedbacks and/or the results of this run to:

 NPB Development Team 
 Internet: npb@nas.nasa.gov




 NAS Parallel Benchmarks 3.4 -- LU Benchmark

 Size:  408x 408x 408  (class D)
 Iterations:  300
 Total number of processes:   128

 Time step    1
 Time step   20
 Time step   40
 Time step   60
 Time step   80
 Time step  100
 Time step  120
 Time step  140
 Time step  160
 Time step  180
 Time step  200
 Time step  220
 Time step  240
 Time step  260
 Time step  280
 Time step  300

 Verification being performed for class D
 Accuracy setting for epsilon =  0.1000000000000E-07
 Comparison of RMS-norms of residual
           1   0.4868417937025E+05 0.4868417937025E+05 0.1120891484919E-13
           2   0.4696371050071E+04 0.4696371050071E+04 0.8617827211136E-13
           3   0.1218114549776E+05 0.1218114549776E+05 0.2991045280571E-12
           4   0.1033801493461E+05 0.1033801493461E+05 0.1912592982464E-12
           5   0.7142398413817E+05 0.7142398413817E+05 0.3626570180737E-13
 Comparison of RMS-norms of solution error
           1   0.3752393004482E+03 0.3752393004482E+03 0.5332299525957E-13
           2   0.3084128893659E+02 0.3084128893659E+02 0.1594276990683E-12
           3   0.9434276905469E+02 0.9434276905469E+02 0.2907159698105E-13
           4   0.8230686681928E+02 0.8230686681928E+02 0.3625796492466E-13
           5   0.7002620636210E+03 0.7002620636210E+03 0.1753369075921E-13
 Comparison of surface integral
               0.8334101392503E+02 0.8334101392503E+02 0.2966953009078E-13
 Verification Successful


 LU Benchmark Completed.
 Class           =                        D
 Size            =            408x 408x 408
 Iterations      =                      300
 Time in seconds =                   309.58
 Total processes =                      128
 Active procs    =                      128
 Mop/s total     =                128878.99
 Mop/s/process   =                  1006.87
 Operation type  =           floating point
 Verification    =               SUCCESSFUL
 Version         =                      3.4
 Compile date    =              02 Nov 2019

 Compile options:
    MPIFC        = mpifort
    FLINK        = $(MPIFC)
    FMPI_LIB     = (none)
    FMPI_INC     = (none)
    FFLAGS       = -O3
    FLINKFLAGS   = $(FFLAGS)
    RAND         = (none)


 Please send feedbacks and/or the results of this run to:

 NPB Development Team 
 Internet: npb@nas.nasa.gov


